{"/Users/denisebroekman/Workspace/numflux/src/core/numpad-dom.ts": {"path":"/Users/denisebroekman/Workspace/numflux/src/core/numpad-dom.ts","statementMap":{"0":{"start":{"line":65,"column":8},"end":{"line":65,"column":null}},"1":{"start":{"line":66,"column":6},"end":{"line":66,"column":null}},"2":{"start":{"line":69,"column":15},"end":{"line":69,"column":null}},"3":{"start":{"line":70,"column":2},"end":{"line":70,"column":null}},"4":{"start":{"line":71,"column":2},"end":{"line":71,"column":null}},"5":{"start":{"line":74,"column":2},"end":{"line":76,"column":null}},"6":{"start":{"line":75,"column":4},"end":{"line":75,"column":null}},"7":{"start":{"line":79,"column":2},"end":{"line":81,"column":null}},"8":{"start":{"line":80,"column":4},"end":{"line":80,"column":null}},"9":{"start":{"line":84,"column":2},"end":{"line":88,"column":null}},"10":{"start":{"line":85,"column":4},"end":{"line":87,"column":null}},"11":{"start":{"line":86,"column":6},"end":{"line":86,"column":null}},"12":{"start":{"line":90,"column":18},"end":{"line":90,"column":null}},"13":{"start":{"line":91,"column":2},"end":{"line":91,"column":null}},"14":{"start":{"line":93,"column":17},"end":{"line":93,"column":null}},"15":{"start":{"line":94,"column":2},"end":{"line":94,"column":null}},"16":{"start":{"line":97,"column":15},"end":{"line":97,"column":null}},"17":{"start":{"line":98,"column":2},"end":{"line":106,"column":null}},"18":{"start":{"line":99,"column":19},"end":{"line":99,"column":null}},"19":{"start":{"line":100,"column":4},"end":{"line":100,"column":null}},"20":{"start":{"line":101,"column":4},"end":{"line":101,"column":null}},"21":{"start":{"line":102,"column":4},"end":{"line":102,"column":null}},"22":{"start":{"line":103,"column":4},"end":{"line":103,"column":null}},"23":{"start":{"line":104,"column":4},"end":{"line":104,"column":null}},"24":{"start":{"line":104,"column":43},"end":{"line":104,"column":63}},"25":{"start":{"line":105,"column":4},"end":{"line":105,"column":null}},"26":{"start":{"line":108,"column":2},"end":{"line":108,"column":null}},"27":{"start":{"line":109,"column":2},"end":{"line":109,"column":null}},"28":{"start":{"line":110,"column":2},"end":{"line":110,"column":null}},"29":{"start":{"line":112,"column":24},"end":{"line":116,"column":null}},"30":{"start":{"line":113,"column":10},"end":{"line":113,"column":null}},"31":{"start":{"line":114,"column":4},"end":{"line":114,"column":null}},"32":{"start":{"line":115,"column":4},"end":{"line":115,"column":null}},"33":{"start":{"line":118,"column":19},"end":{"line":138,"column":null}},"34":{"start":{"line":119,"column":10},"end":{"line":119,"column":null}},"35":{"start":{"line":120,"column":10},"end":{"line":120,"column":null}},"36":{"start":{"line":121,"column":20},"end":{"line":121,"column":null}},"37":{"start":{"line":123,"column":4},"end":{"line":123,"column":null}},"38":{"start":{"line":124,"column":4},"end":{"line":124,"column":null}},"39":{"start":{"line":127,"column":4},"end":{"line":131,"column":null}},"40":{"start":{"line":128,"column":6},"end":{"line":128,"column":null}},"41":{"start":{"line":129,"column":4},"end":{"line":131,"column":null}},"42":{"start":{"line":130,"column":6},"end":{"line":130,"column":null}},"43":{"start":{"line":133,"column":4},"end":{"line":135,"column":null}},"44":{"start":{"line":134,"column":6},"end":{"line":134,"column":null}},"45":{"start":{"line":137,"column":4},"end":{"line":137,"column":null}},"46":{"start":{"line":140,"column":24},"end":{"line":145,"column":null}},"47":{"start":{"line":141,"column":10},"end":{"line":141,"column":null}},"48":{"start":{"line":142,"column":4},"end":{"line":142,"column":null}},"49":{"start":{"line":142,"column":17},"end":{"line":142,"column":null}},"50":{"start":{"line":143,"column":4},"end":{"line":143,"column":null}},"51":{"start":{"line":144,"column":4},"end":{"line":144,"column":null}},"52":{"start":{"line":147,"column":2},"end":{"line":147,"column":null}},"53":{"start":{"line":148,"column":2},"end":{"line":148,"column":null}},"54":{"start":{"line":150,"column":18},"end":{"line":153,"column":null}},"55":{"start":{"line":151,"column":4},"end":{"line":151,"column":null}},"56":{"start":{"line":152,"column":4},"end":{"line":152,"column":null}},"57":{"start":{"line":155,"column":2},"end":{"line":162,"column":null}},"58":{"start":{"line":160,"column":20},"end":{"line":160,"column":null}},"59":{"start":{"line":171,"column":23},"end":{"line":185,"column":null}},"60":{"start":{"line":172,"column":4},"end":{"line":174,"column":null}},"61":{"start":{"line":173,"column":6},"end":{"line":173,"column":null}},"62":{"start":{"line":176,"column":4},"end":{"line":182,"column":null}},"63":{"start":{"line":177,"column":26},"end":{"line":177,"column":null}},"64":{"start":{"line":178,"column":25},"end":{"line":178,"column":null}},"65":{"start":{"line":179,"column":6},"end":{"line":181,"column":null}},"66":{"start":{"line":180,"column":8},"end":{"line":180,"column":null}},"67":{"start":{"line":184,"column":4},"end":{"line":184,"column":null}},"68":{"start":{"line":187,"column":23},"end":{"line":187,"column":null}},"69":{"start":{"line":188,"column":22},"end":{"line":188,"column":null}},"70":{"start":{"line":189,"column":21},"end":{"line":189,"column":null}},"71":{"start":{"line":190,"column":22},"end":{"line":190,"column":null}},"72":{"start":{"line":191,"column":26},"end":{"line":191,"column":null}},"73":{"start":{"line":193,"column":34},"end":{"line":196,"column":null}},"74":{"start":{"line":193,"column":78},"end":{"line":196,"column":4}},"75":{"start":{"line":198,"column":37},"end":{"line":202,"column":null}},"76":{"start":{"line":204,"column":2},"end":{"line":212,"column":null}},"77":{"start":{"line":216,"column":18},"end":{"line":216,"column":null}},"78":{"start":{"line":217,"column":2},"end":{"line":217,"column":null}},"79":{"start":{"line":217,"column":28},"end":{"line":217,"column":null}},"80":{"start":{"line":218,"column":2},"end":{"line":218,"column":null}},"81":{"start":{"line":218,"column":27},"end":{"line":218,"column":null}},"82":{"start":{"line":219,"column":2},"end":{"line":219,"column":null}}},"fnMap":{"0":{"name":"createNumpadDom","decl":{"start":{"line":61,"column":16},"end":{"line":61,"column":null}},"loc":{"start":{"line":64,"column":21},"end":{"line":163,"column":null}},"line":64},"1":{"name":"(anonymous_1)","decl":{"start":{"line":98,"column":15},"end":{"line":98,"column":16}},"loc":{"start":{"line":98,"column":24},"end":{"line":106,"column":3}},"line":98},"2":{"name":"(anonymous_2)","decl":{"start":{"line":104,"column":37},"end":{"line":104,"column":43}},"loc":{"start":{"line":104,"column":43},"end":{"line":104,"column":63}},"line":104},"3":{"name":"(anonymous_3)","decl":{"start":{"line":112,"column":24},"end":{"line":112,"column":30}},"loc":{"start":{"line":112,"column":30},"end":{"line":116,"column":null}},"line":112},"4":{"name":"(anonymous_4)","decl":{"start":{"line":118,"column":19},"end":{"line":118,"column":20}},"loc":{"start":{"line":118,"column":58},"end":{"line":138,"column":null}},"line":118},"5":{"name":"(anonymous_5)","decl":{"start":{"line":140,"column":24},"end":{"line":140,"column":25}},"loc":{"start":{"line":140,"column":50},"end":{"line":145,"column":null}},"line":140},"6":{"name":"(anonymous_6)","decl":{"start":{"line":150,"column":18},"end":{"line":150,"column":24}},"loc":{"start":{"line":150,"column":24},"end":{"line":153,"column":null}},"line":150},"7":{"name":"(anonymous_7)","decl":{"start":{"line":160,"column":14},"end":{"line":160,"column":20}},"loc":{"start":{"line":160,"column":20},"end":{"line":160,"column":null}},"line":160},"8":{"name":"buildKeys","decl":{"start":{"line":165,"column":9},"end":{"line":165,"column":null}},"loc":{"start":{"line":169,"column":19},"end":{"line":213,"column":null}},"line":169},"9":{"name":"(anonymous_9)","decl":{"start":{"line":171,"column":23},"end":{"line":171,"column":24}},"loc":{"start":{"line":171,"column":66},"end":{"line":185,"column":null}},"line":171},"10":{"name":"(anonymous_10)","decl":{"start":{"line":193,"column":66},"end":{"line":193,"column":67}},"loc":{"start":{"line":193,"column":78},"end":{"line":196,"column":4}},"line":193},"11":{"name":"buildButtonClassName","decl":{"start":{"line":215,"column":9},"end":{"line":215,"column":30}},"loc":{"start":{"line":215,"column":71},"end":{"line":220,"column":null}},"line":215}},"branchMap":{"0":{"loc":{"start":{"line":63,"column":2},"end":{"line":63,"column":null}},"type":"default-arg","locations":[{"start":{"line":63,"column":30},"end":{"line":63,"column":null}}],"line":63},"1":{"loc":{"start":{"line":66,"column":32},"end":{"line":66,"column":60}},"type":"binary-expr","locations":[{"start":{"line":66,"column":32},"end":{"line":66,"column":56}},{"start":{"line":66,"column":56},"end":{"line":66,"column":60}}],"line":66},"2":{"loc":{"start":{"line":70,"column":37},"end":{"line":70,"column":60}},"type":"binary-expr","locations":[{"start":{"line":70,"column":37},"end":{"line":70,"column":58}},{"start":{"line":70,"column":58},"end":{"line":70,"column":60}}],"line":70},"3":{"loc":{"start":{"line":74,"column":2},"end":{"line":76,"column":null}},"type":"if","locations":[{"start":{"line":74,"column":2},"end":{"line":76,"column":null}},{"start":{},"end":{}}],"line":74},"4":{"loc":{"start":{"line":79,"column":2},"end":{"line":81,"column":null}},"type":"if","locations":[{"start":{"line":79,"column":2},"end":{"line":81,"column":null}},{"start":{},"end":{}}],"line":79},"5":{"loc":{"start":{"line":84,"column":2},"end":{"line":88,"column":null}},"type":"if","locations":[{"start":{"line":84,"column":2},"end":{"line":88,"column":null}},{"start":{},"end":{}}],"line":84},"6":{"loc":{"start":{"line":115,"column":26},"end":{"line":115,"column":null}},"type":"binary-expr","locations":[{"start":{"line":115,"column":26},"end":{"line":115,"column":52}},{"start":{"line":115,"column":52},"end":{"line":115,"column":null}}],"line":115},"7":{"loc":{"start":{"line":121,"column":20},"end":{"line":121,"column":null}},"type":"binary-expr","locations":[{"start":{"line":121,"column":20},"end":{"line":121,"column":55}},{"start":{"line":121,"column":55},"end":{"line":121,"column":null}}],"line":121},"8":{"loc":{"start":{"line":127,"column":4},"end":{"line":131,"column":null}},"type":"if","locations":[{"start":{"line":127,"column":4},"end":{"line":131,"column":null}},{"start":{"line":129,"column":4},"end":{"line":131,"column":null}}],"line":127},"9":{"loc":{"start":{"line":127,"column":8},"end":{"line":127,"column":52}},"type":"binary-expr","locations":[{"start":{"line":127,"column":8},"end":{"line":127,"column":23}},{"start":{"line":127,"column":23},"end":{"line":127,"column":34}},{"start":{"line":127,"column":34},"end":{"line":127,"column":52}}],"line":127},"10":{"loc":{"start":{"line":129,"column":4},"end":{"line":131,"column":null}},"type":"if","locations":[{"start":{"line":129,"column":4},"end":{"line":131,"column":null}},{"start":{},"end":{}}],"line":129},"11":{"loc":{"start":{"line":129,"column":15},"end":{"line":129,"column":88}},"type":"binary-expr","locations":[{"start":{"line":129,"column":15},"end":{"line":129,"column":31}},{"start":{"line":129,"column":31},"end":{"line":129,"column":59}},{"start":{"line":129,"column":59},"end":{"line":129,"column":70}},{"start":{"line":129,"column":70},"end":{"line":129,"column":88}}],"line":129},"12":{"loc":{"start":{"line":133,"column":4},"end":{"line":135,"column":null}},"type":"if","locations":[{"start":{"line":133,"column":4},"end":{"line":135,"column":null}},{"start":{},"end":{}}],"line":133},"13":{"loc":{"start":{"line":133,"column":8},"end":{"line":133,"column":54}},"type":"binary-expr","locations":[{"start":{"line":133,"column":8},"end":{"line":133,"column":36}},{"start":{"line":133,"column":36},"end":{"line":133,"column":54}}],"line":133},"14":{"loc":{"start":{"line":142,"column":4},"end":{"line":142,"column":null}},"type":"if","locations":[{"start":{"line":142,"column":4},"end":{"line":142,"column":null}},{"start":{},"end":{}}],"line":142},"15":{"loc":{"start":{"line":172,"column":4},"end":{"line":174,"column":null}},"type":"if","locations":[{"start":{"line":172,"column":4},"end":{"line":174,"column":null}},{"start":{},"end":{}}],"line":172},"16":{"loc":{"start":{"line":172,"column":8},"end":{"line":172,"column":72}},"type":"binary-expr","locations":[{"start":{"line":172,"column":8},"end":{"line":172,"column":24}},{"start":{"line":172,"column":24},"end":{"line":172,"column":72}}],"line":172},"17":{"loc":{"start":{"line":176,"column":4},"end":{"line":182,"column":null}},"type":"if","locations":[{"start":{"line":176,"column":4},"end":{"line":182,"column":null}},{"start":{},"end":{}}],"line":176},"18":{"loc":{"start":{"line":176,"column":8},"end":{"line":176,"column":48}},"type":"binary-expr","locations":[{"start":{"line":176,"column":8},"end":{"line":176,"column":22}},{"start":{"line":176,"column":22},"end":{"line":176,"column":48}}],"line":176},"19":{"loc":{"start":{"line":179,"column":6},"end":{"line":181,"column":null}},"type":"if","locations":[{"start":{"line":179,"column":6},"end":{"line":181,"column":null}},{"start":{},"end":{}}],"line":179},"20":{"loc":{"start":{"line":215,"column":30},"end":{"line":215,"column":71}},"type":"default-arg","locations":[{"start":{"line":215,"column":52},"end":{"line":215,"column":71}}],"line":215},"21":{"loc":{"start":{"line":217,"column":2},"end":{"line":217,"column":null}},"type":"if","locations":[{"start":{"line":217,"column":2},"end":{"line":217,"column":null}},{"start":{},"end":{}}],"line":217},"22":{"loc":{"start":{"line":218,"column":2},"end":{"line":218,"column":null}},"type":"if","locations":[{"start":{"line":218,"column":2},"end":{"line":218,"column":null}},{"start":{},"end":{}}],"line":218}},"s":{"0":46,"1":46,"2":46,"3":46,"4":46,"5":46,"6":2,"7":46,"8":1,"9":46,"10":1,"11":2,"12":46,"13":46,"14":46,"15":46,"16":46,"17":46,"18":690,"19":690,"20":690,"21":690,"22":690,"23":690,"24":0,"25":690,"26":46,"27":46,"28":46,"29":46,"30":103,"31":103,"32":103,"33":46,"34":57,"35":57,"36":57,"37":57,"38":57,"39":57,"40":2,"41":55,"42":1,"43":57,"44":2,"45":57,"46":46,"47":1,"48":1,"49":0,"50":1,"51":1,"52":46,"53":46,"54":46,"55":2,"56":2,"57":46,"58":33,"59":46,"60":230,"61":3,"62":227,"63":5,"64":5,"65":5,"66":3,"67":224,"68":46,"69":46,"70":46,"71":46,"72":46,"73":46,"74":414,"75":46,"76":46,"77":690,"78":690,"79":46,"80":690,"81":184,"82":690},"f":{"0":46,"1":690,"2":0,"3":103,"4":57,"5":1,"6":2,"7":33,"8":46,"9":230,"10":414,"11":690},"b":{"0":[46],"1":[46,34],"2":[46,45],"3":[2,44],"4":[1,45],"5":[1,45],"6":[103,36],"7":[57,11],"8":[2,55],"9":[57,4,4],"10":[1,54],"11":[55,53,3,3],"12":[2,55],"13":[57,3],"14":[0,1],"15":[3,227],"16":[230,5],"17":[5,222],"18":[227,5],"19":[3,2],"20":[690],"21":[46,644],"22":[184,506]},"meta":{"lastBranch":23,"lastFunction":12,"lastStatement":83,"seen":{"f:61:16:61:Infinity":0,"b:63:30:63:Infinity":0,"s:65:8:65:Infinity":0,"s:66:6:66:Infinity":1,"b:66:32:66:56:66:56:66:60":1,"s:69:15:69:Infinity":2,"s:70:2:70:Infinity":3,"b:70:37:70:58:70:58:70:60":2,"s:71:2:71:Infinity":4,"b:74:2:76:Infinity:undefined:undefined:undefined:undefined":3,"s:74:2:76:Infinity":5,"s:75:4:75:Infinity":6,"b:79:2:81:Infinity:undefined:undefined:undefined:undefined":4,"s:79:2:81:Infinity":7,"s:80:4:80:Infinity":8,"b:84:2:88:Infinity:undefined:undefined:undefined:undefined":5,"s:84:2:88:Infinity":9,"s:85:4:87:Infinity":10,"s:86:6:86:Infinity":11,"s:90:18:90:Infinity":12,"s:91:2:91:Infinity":13,"s:93:17:93:Infinity":14,"s:94:2:94:Infinity":15,"s:97:15:97:Infinity":16,"s:98:2:106:Infinity":17,"f:98:15:98:16":1,"s:99:19:99:Infinity":18,"s:100:4:100:Infinity":19,"s:101:4:101:Infinity":20,"s:102:4:102:Infinity":21,"s:103:4:103:Infinity":22,"s:104:4:104:Infinity":23,"f:104:37:104:43":2,"s:104:43:104:63":24,"s:105:4:105:Infinity":25,"s:108:2:108:Infinity":26,"s:109:2:109:Infinity":27,"s:110:2:110:Infinity":28,"s:112:24:116:Infinity":29,"f:112:24:112:30":3,"s:113:10:113:Infinity":30,"s:114:4:114:Infinity":31,"s:115:4:115:Infinity":32,"b:115:26:115:52:115:52:115:Infinity":6,"s:118:19:138:Infinity":33,"f:118:19:118:20":4,"s:119:10:119:Infinity":34,"s:120:10:120:Infinity":35,"s:121:20:121:Infinity":36,"b:121:20:121:55:121:55:121:Infinity":7,"s:123:4:123:Infinity":37,"s:124:4:124:Infinity":38,"b:127:4:131:Infinity:129:4:131:Infinity":8,"s:127:4:131:Infinity":39,"b:127:8:127:23:127:23:127:34:127:34:127:52":9,"s:128:6:128:Infinity":40,"b:129:4:131:Infinity:undefined:undefined:undefined:undefined":10,"s:129:4:131:Infinity":41,"b:129:15:129:31:129:31:129:59:129:59:129:70:129:70:129:88":11,"s:130:6:130:Infinity":42,"b:133:4:135:Infinity:undefined:undefined:undefined:undefined":12,"s:133:4:135:Infinity":43,"b:133:8:133:36:133:36:133:54":13,"s:134:6:134:Infinity":44,"s:137:4:137:Infinity":45,"s:140:24:145:Infinity":46,"f:140:24:140:25":5,"s:141:10:141:Infinity":47,"b:142:4:142:Infinity:undefined:undefined:undefined:undefined":14,"s:142:4:142:Infinity":48,"s:142:17:142:Infinity":49,"s:143:4:143:Infinity":50,"s:144:4:144:Infinity":51,"s:147:2:147:Infinity":52,"s:148:2:148:Infinity":53,"s:150:18:153:Infinity":54,"f:150:18:150:24":6,"s:151:4:151:Infinity":55,"s:152:4:152:Infinity":56,"s:155:2:162:Infinity":57,"f:160:14:160:20":7,"s:160:20:160:Infinity":58,"f:165:9:165:Infinity":8,"s:171:23:185:Infinity":59,"f:171:23:171:24":9,"b:172:4:174:Infinity:undefined:undefined:undefined:undefined":15,"s:172:4:174:Infinity":60,"b:172:8:172:24:172:24:172:72":16,"s:173:6:173:Infinity":61,"b:176:4:182:Infinity:undefined:undefined:undefined:undefined":17,"s:176:4:182:Infinity":62,"b:176:8:176:22:176:22:176:48":18,"s:177:26:177:Infinity":63,"s:178:25:178:Infinity":64,"b:179:6:181:Infinity:undefined:undefined:undefined:undefined":19,"s:179:6:181:Infinity":65,"s:180:8:180:Infinity":66,"s:184:4:184:Infinity":67,"s:187:23:187:Infinity":68,"s:188:22:188:Infinity":69,"s:189:21:189:Infinity":70,"s:190:22:190:Infinity":71,"s:191:26:191:Infinity":72,"s:193:34:196:Infinity":73,"f:193:66:193:67":10,"s:193:78:196:4":74,"s:198:37:202:Infinity":75,"s:204:2:212:Infinity":76,"f:215:9:215:30":11,"b:215:52:215:71":20,"s:216:18:216:Infinity":77,"b:217:2:217:Infinity:undefined:undefined:undefined:undefined":21,"s:217:2:217:Infinity":78,"s:217:28:217:Infinity":79,"b:218:2:218:Infinity:undefined:undefined:undefined:undefined":22,"s:218:2:218:Infinity":80,"s:218:27:218:Infinity":81,"s:219:2:219:Infinity":82}}}
,"/Users/denisebroekman/Workspace/numflux/src/core/numpad.ts": {"path":"/Users/denisebroekman/Workspace/numflux/src/core/numpad.ts","statementMap":{"0":{"start":{"line":10,"column":37},"end":{"line":18,"column":null}},"1":{"start":{"line":21,"column":2},"end":{"line":21,"column":null}},"2":{"start":{"line":28,"column":8},"end":{"line":28,"column":null}},"3":{"start":{"line":29,"column":2},"end":{"line":29,"column":null}},"4":{"start":{"line":37,"column":27},"end":{"line":37,"column":null}},"5":{"start":{"line":38,"column":28},"end":{"line":38,"column":null}},"6":{"start":{"line":40,"column":2},"end":{"line":57,"column":null}},"7":{"start":{"line":42,"column":6},"end":{"line":42,"column":null}},"8":{"start":{"line":44,"column":6},"end":{"line":44,"column":null}},"9":{"start":{"line":46,"column":6},"end":{"line":46,"column":null}},"10":{"start":{"line":48,"column":6},"end":{"line":48,"column":null}},"11":{"start":{"line":50,"column":6},"end":{"line":50,"column":null}},"12":{"start":{"line":52,"column":6},"end":{"line":52,"column":null}},"13":{"start":{"line":54,"column":6},"end":{"line":54,"column":null}},"14":{"start":{"line":56,"column":6},"end":{"line":56,"column":null}},"15":{"start":{"line":66,"column":27},"end":{"line":66,"column":null}},"16":{"start":{"line":69,"column":2},"end":{"line":77,"column":null}},"17":{"start":{"line":70,"column":4},"end":{"line":76,"column":null}},"18":{"start":{"line":71,"column":6},"end":{"line":73,"column":null}},"19":{"start":{"line":72,"column":8},"end":{"line":72,"column":null}},"20":{"start":{"line":75,"column":6},"end":{"line":75,"column":null}},"21":{"start":{"line":79,"column":2},"end":{"line":81,"column":null}},"22":{"start":{"line":80,"column":4},"end":{"line":80,"column":null}},"23":{"start":{"line":83,"column":2},"end":{"line":85,"column":null}},"24":{"start":{"line":84,"column":4},"end":{"line":84,"column":null}},"25":{"start":{"line":87,"column":2},"end":{"line":89,"column":null}},"26":{"start":{"line":88,"column":4},"end":{"line":88,"column":null}},"27":{"start":{"line":91,"column":2},"end":{"line":93,"column":null}},"28":{"start":{"line":92,"column":4},"end":{"line":92,"column":null}},"29":{"start":{"line":95,"column":2},"end":{"line":97,"column":null}},"30":{"start":{"line":96,"column":4},"end":{"line":96,"column":null}},"31":{"start":{"line":99,"column":2},"end":{"line":101,"column":null}},"32":{"start":{"line":100,"column":4},"end":{"line":100,"column":null}},"33":{"start":{"line":103,"column":2},"end":{"line":103,"column":null}},"34":{"start":{"line":111,"column":27},"end":{"line":111,"column":null}},"35":{"start":{"line":112,"column":14},"end":{"line":112,"column":null}},"36":{"start":{"line":114,"column":4},"end":{"line":116,"column":null}},"37":{"start":{"line":119,"column":2},"end":{"line":128,"column":null}},"38":{"start":{"line":120,"column":4},"end":{"line":127,"column":null}},"39":{"start":{"line":121,"column":30},"end":{"line":121,"column":null}},"40":{"start":{"line":122,"column":6},"end":{"line":124,"column":null}},"41":{"start":{"line":123,"column":8},"end":{"line":123,"column":null}},"42":{"start":{"line":130,"column":8},"end":{"line":130,"column":null}},"43":{"start":{"line":132,"column":2},"end":{"line":132,"column":null}},"44":{"start":{"line":136,"column":21},"end":{"line":136,"column":null}},"45":{"start":{"line":137,"column":19},"end":{"line":137,"column":null}},"46":{"start":{"line":138,"column":21},"end":{"line":138,"column":null}},"47":{"start":{"line":139,"column":21},"end":{"line":139,"column":null}},"48":{"start":{"line":141,"column":2},"end":{"line":143,"column":null}},"49":{"start":{"line":142,"column":4},"end":{"line":142,"column":null}},"50":{"start":{"line":146,"column":2},"end":{"line":151,"column":null}},"51":{"start":{"line":147,"column":36},"end":{"line":147,"column":null}},"52":{"start":{"line":148,"column":4},"end":{"line":150,"column":null}},"53":{"start":{"line":149,"column":6},"end":{"line":149,"column":null}},"54":{"start":{"line":153,"column":2},"end":{"line":156,"column":null}},"55":{"start":{"line":154,"column":25},"end":{"line":154,"column":null}},"56":{"start":{"line":155,"column":4},"end":{"line":155,"column":null}},"57":{"start":{"line":158,"column":2},"end":{"line":158,"column":null}},"58":{"start":{"line":162,"column":2},"end":{"line":162,"column":null}},"59":{"start":{"line":162,"column":28},"end":{"line":162,"column":null}},"60":{"start":{"line":164,"column":21},"end":{"line":164,"column":null}},"61":{"start":{"line":165,"column":19},"end":{"line":165,"column":null}},"62":{"start":{"line":167,"column":2},"end":{"line":167,"column":null}},"63":{"start":{"line":167,"column":30},"end":{"line":167,"column":null}},"64":{"start":{"line":169,"column":15},"end":{"line":169,"column":null}},"65":{"start":{"line":170,"column":2},"end":{"line":170,"column":null}},"66":{"start":{"line":174,"column":2},"end":{"line":174,"column":null}},"67":{"start":{"line":174,"column":22},"end":{"line":174,"column":null}},"68":{"start":{"line":175,"column":15},"end":{"line":175,"column":null}},"69":{"start":{"line":176,"column":2},"end":{"line":176,"column":null}},"70":{"start":{"line":180,"column":2},"end":{"line":180,"column":null}},"71":{"start":{"line":180,"column":29},"end":{"line":180,"column":null}},"72":{"start":{"line":181,"column":2},"end":{"line":181,"column":null}},"73":{"start":{"line":181,"column":16},"end":{"line":181,"column":null}},"74":{"start":{"line":182,"column":2},"end":{"line":182,"column":null}}},"fnMap":{"0":{"name":"normalizeConfig","decl":{"start":{"line":20,"column":16},"end":{"line":20,"column":32}},"loc":{"start":{"line":20,"column":82},"end":{"line":22,"column":null}},"line":20},"1":{"name":"createNumpadState","decl":{"start":{"line":24,"column":16},"end":{"line":24,"column":null}},"loc":{"start":{"line":27,"column":15},"end":{"line":30,"column":null}},"line":27},"2":{"name":"reduceNumpad","decl":{"start":{"line":32,"column":16},"end":{"line":32,"column":null}},"loc":{"start":{"line":36,"column":15},"end":{"line":58,"column":null}},"line":36},"3":{"name":"mapKeyToAction","decl":{"start":{"line":60,"column":16},"end":{"line":60,"column":null}},"loc":{"start":{"line":65,"column":23},"end":{"line":104,"column":null}},"line":65},"4":{"name":"formatDisplayValue","decl":{"start":{"line":106,"column":16},"end":{"line":106,"column":null}},"loc":{"start":{"line":110,"column":16},"end":{"line":133,"column":null}},"line":110},"5":{"name":"appendDigit","decl":{"start":{"line":135,"column":9},"end":{"line":135,"column":21}},"loc":{"start":{"line":135,"column":88},"end":{"line":159,"column":null}},"line":135},"6":{"name":"appendDecimal","decl":{"start":{"line":161,"column":9},"end":{"line":161,"column":23}},"loc":{"start":{"line":161,"column":70},"end":{"line":171,"column":null}},"line":161},"7":{"name":"deleteChar","decl":{"start":{"line":173,"column":9},"end":{"line":173,"column":20}},"loc":{"start":{"line":173,"column":45},"end":{"line":177,"column":null}},"line":173},"8":{"name":"toggleSign","decl":{"start":{"line":179,"column":9},"end":{"line":179,"column":20}},"loc":{"start":{"line":179,"column":67},"end":{"line":183,"column":null}},"line":179}},"branchMap":{"0":{"loc":{"start":{"line":20,"column":32},"end":{"line":20,"column":82}},"type":"default-arg","locations":[{"start":{"line":20,"column":64},"end":{"line":20,"column":82}}],"line":20},"1":{"loc":{"start":{"line":25,"column":2},"end":{"line":25,"column":null}},"type":"default-arg","locations":[{"start":{"line":25,"column":17},"end":{"line":25,"column":null}}],"line":25},"2":{"loc":{"start":{"line":26,"column":2},"end":{"line":26,"column":null}},"type":"default-arg","locations":[{"start":{"line":26,"column":34},"end":{"line":26,"column":null}}],"line":26},"3":{"loc":{"start":{"line":35,"column":2},"end":{"line":35,"column":null}},"type":"default-arg","locations":[{"start":{"line":35,"column":34},"end":{"line":35,"column":null}}],"line":35},"4":{"loc":{"start":{"line":40,"column":2},"end":{"line":57,"column":null}},"type":"switch","locations":[{"start":{"line":41,"column":4},"end":{"line":42,"column":null}},{"start":{"line":43,"column":4},"end":{"line":44,"column":null}},{"start":{"line":45,"column":4},"end":{"line":46,"column":null}},{"start":{"line":47,"column":4},"end":{"line":48,"column":null}},{"start":{"line":49,"column":4},"end":{"line":50,"column":null}},{"start":{"line":51,"column":4},"end":{"line":52,"column":null}},{"start":{"line":53,"column":4},"end":{"line":54,"column":null}},{"start":{"line":55,"column":4},"end":{"line":56,"column":null}}],"line":40},"5":{"loc":{"start":{"line":62,"column":2},"end":{"line":62,"column":null}},"type":"default-arg","locations":[{"start":{"line":62,"column":34},"end":{"line":62,"column":null}}],"line":62},"6":{"loc":{"start":{"line":63,"column":2},"end":{"line":63,"column":null}},"type":"default-arg","locations":[{"start":{"line":63,"column":17},"end":{"line":63,"column":null}}],"line":63},"7":{"loc":{"start":{"line":69,"column":2},"end":{"line":77,"column":null}},"type":"if","locations":[{"start":{"line":69,"column":2},"end":{"line":77,"column":null}},{"start":{},"end":{}}],"line":69},"8":{"loc":{"start":{"line":71,"column":6},"end":{"line":73,"column":null}},"type":"if","locations":[{"start":{"line":71,"column":6},"end":{"line":73,"column":null}},{"start":{},"end":{}}],"line":71},"9":{"loc":{"start":{"line":79,"column":2},"end":{"line":81,"column":null}},"type":"if","locations":[{"start":{"line":79,"column":2},"end":{"line":81,"column":null}},{"start":{},"end":{}}],"line":79},"10":{"loc":{"start":{"line":83,"column":2},"end":{"line":85,"column":null}},"type":"if","locations":[{"start":{"line":83,"column":2},"end":{"line":85,"column":null}},{"start":{},"end":{}}],"line":83},"11":{"loc":{"start":{"line":83,"column":2},"end":{"line":83,"column":99}},"type":"binary-expr","locations":[{"start":{"line":83,"column":7},"end":{"line":83,"column":22}},{"start":{"line":83,"column":22},"end":{"line":83,"column":68}},{"start":{"line":83,"column":68},"end":{"line":83,"column":99}}],"line":83},"12":{"loc":{"start":{"line":87,"column":2},"end":{"line":89,"column":null}},"type":"if","locations":[{"start":{"line":87,"column":2},"end":{"line":89,"column":null}},{"start":{},"end":{}}],"line":87},"13":{"loc":{"start":{"line":91,"column":2},"end":{"line":93,"column":null}},"type":"if","locations":[{"start":{"line":91,"column":2},"end":{"line":93,"column":null}},{"start":{},"end":{}}],"line":91},"14":{"loc":{"start":{"line":95,"column":2},"end":{"line":97,"column":null}},"type":"if","locations":[{"start":{"line":95,"column":2},"end":{"line":97,"column":null}},{"start":{},"end":{}}],"line":95},"15":{"loc":{"start":{"line":95,"column":6},"end":{"line":95,"column":53}},"type":"binary-expr","locations":[{"start":{"line":95,"column":6},"end":{"line":95,"column":21}},{"start":{"line":95,"column":21},"end":{"line":95,"column":53}}],"line":95},"16":{"loc":{"start":{"line":99,"column":2},"end":{"line":101,"column":null}},"type":"if","locations":[{"start":{"line":99,"column":2},"end":{"line":101,"column":null}},{"start":{},"end":{}}],"line":99},"17":{"loc":{"start":{"line":108,"column":2},"end":{"line":108,"column":null}},"type":"default-arg","locations":[{"start":{"line":108,"column":34},"end":{"line":108,"column":null}}],"line":108},"18":{"loc":{"start":{"line":114,"column":4},"end":{"line":116,"column":null}},"type":"cond-expr","locations":[{"start":{"line":115,"column":8},"end":{"line":115,"column":null}},{"start":{"line":116,"column":8},"end":{"line":116,"column":null}}],"line":114},"19":{"loc":{"start":{"line":119,"column":2},"end":{"line":128,"column":null}},"type":"if","locations":[{"start":{"line":119,"column":2},"end":{"line":128,"column":null}},{"start":{},"end":{}}],"line":119},"20":{"loc":{"start":{"line":122,"column":6},"end":{"line":124,"column":null}},"type":"if","locations":[{"start":{"line":122,"column":6},"end":{"line":124,"column":null}},{"start":{},"end":{}}],"line":122},"21":{"loc":{"start":{"line":137,"column":19},"end":{"line":137,"column":null}},"type":"cond-expr","locations":[{"start":{"line":137,"column":32},"end":{"line":137,"column":51}},{"start":{"line":137,"column":51},"end":{"line":137,"column":null}}],"line":137},"22":{"loc":{"start":{"line":141,"column":2},"end":{"line":143,"column":null}},"type":"if","locations":[{"start":{"line":141,"column":2},"end":{"line":143,"column":null}},{"start":{},"end":{}}],"line":141},"23":{"loc":{"start":{"line":141,"column":6},"end":{"line":141,"column":67}},"type":"binary-expr","locations":[{"start":{"line":141,"column":6},"end":{"line":141,"column":35}},{"start":{"line":141,"column":35},"end":{"line":141,"column":67}}],"line":141},"24":{"loc":{"start":{"line":146,"column":2},"end":{"line":151,"column":null}},"type":"if","locations":[{"start":{"line":146,"column":2},"end":{"line":151,"column":null}},{"start":{},"end":{}}],"line":146},"25":{"loc":{"start":{"line":146,"column":6},"end":{"line":146,"column":61}},"type":"binary-expr","locations":[{"start":{"line":146,"column":6},"end":{"line":146,"column":20}},{"start":{"line":146,"column":20},"end":{"line":146,"column":61}}],"line":146},"26":{"loc":{"start":{"line":147,"column":13},"end":{"line":147,"column":32}},"type":"default-arg","locations":[{"start":{"line":147,"column":30},"end":{"line":147,"column":32}}],"line":147},"27":{"loc":{"start":{"line":148,"column":4},"end":{"line":150,"column":null}},"type":"if","locations":[{"start":{"line":148,"column":4},"end":{"line":150,"column":null}},{"start":{},"end":{}}],"line":148},"28":{"loc":{"start":{"line":153,"column":2},"end":{"line":156,"column":null}},"type":"if","locations":[{"start":{"line":153,"column":2},"end":{"line":156,"column":null}},{"start":{},"end":{}}],"line":153},"29":{"loc":{"start":{"line":153,"column":6},"end":{"line":153,"column":43}},"type":"binary-expr","locations":[{"start":{"line":153,"column":6},"end":{"line":153,"column":25}},{"start":{"line":153,"column":25},"end":{"line":153,"column":43}}],"line":153},"30":{"loc":{"start":{"line":154,"column":25},"end":{"line":154,"column":null}},"type":"cond-expr","locations":[{"start":{"line":154,"column":54},"end":{"line":154,"column":60}},{"start":{"line":154,"column":60},"end":{"line":154,"column":null}}],"line":154},"31":{"loc":{"start":{"line":154,"column":25},"end":{"line":154,"column":54}},"type":"binary-expr","locations":[{"start":{"line":154,"column":25},"end":{"line":154,"column":40}},{"start":{"line":154,"column":40},"end":{"line":154,"column":54}}],"line":154},"32":{"loc":{"start":{"line":155,"column":11},"end":{"line":155,"column":null}},"type":"cond-expr","locations":[{"start":{"line":155,"column":24},"end":{"line":155,"column":45}},{"start":{"line":155,"column":45},"end":{"line":155,"column":null}}],"line":155},"33":{"loc":{"start":{"line":158,"column":12},"end":{"line":158,"column":33}},"type":"cond-expr","locations":[{"start":{"line":158,"column":25},"end":{"line":158,"column":31}},{"start":{"line":158,"column":31},"end":{"line":158,"column":33}}],"line":158},"34":{"loc":{"start":{"line":162,"column":2},"end":{"line":162,"column":null}},"type":"if","locations":[{"start":{"line":162,"column":2},"end":{"line":162,"column":null}},{"start":{},"end":{}}],"line":162},"35":{"loc":{"start":{"line":165,"column":19},"end":{"line":165,"column":null}},"type":"cond-expr","locations":[{"start":{"line":165,"column":32},"end":{"line":165,"column":51}},{"start":{"line":165,"column":51},"end":{"line":165,"column":null}}],"line":165},"36":{"loc":{"start":{"line":167,"column":2},"end":{"line":167,"column":null}},"type":"if","locations":[{"start":{"line":167,"column":2},"end":{"line":167,"column":null}},{"start":{},"end":{}}],"line":167},"37":{"loc":{"start":{"line":169,"column":15},"end":{"line":169,"column":null}},"type":"cond-expr","locations":[{"start":{"line":169,"column":33},"end":{"line":169,"column":39}},{"start":{"line":169,"column":39},"end":{"line":169,"column":null}}],"line":169},"38":{"loc":{"start":{"line":170,"column":12},"end":{"line":170,"column":33}},"type":"cond-expr","locations":[{"start":{"line":170,"column":25},"end":{"line":170,"column":31}},{"start":{"line":170,"column":31},"end":{"line":170,"column":33}}],"line":170},"39":{"loc":{"start":{"line":174,"column":2},"end":{"line":174,"column":null}},"type":"if","locations":[{"start":{"line":174,"column":2},"end":{"line":174,"column":null}},{"start":{},"end":{}}],"line":174},"40":{"loc":{"start":{"line":176,"column":9},"end":{"line":176,"column":null}},"type":"cond-expr","locations":[{"start":{"line":176,"column":24},"end":{"line":176,"column":29}},{"start":{"line":176,"column":29},"end":{"line":176,"column":null}}],"line":176},"41":{"loc":{"start":{"line":180,"column":2},"end":{"line":180,"column":null}},"type":"if","locations":[{"start":{"line":180,"column":2},"end":{"line":180,"column":null}},{"start":{},"end":{}}],"line":180},"42":{"loc":{"start":{"line":181,"column":2},"end":{"line":181,"column":null}},"type":"if","locations":[{"start":{"line":181,"column":2},"end":{"line":181,"column":null}},{"start":{},"end":{}}],"line":181},"43":{"loc":{"start":{"line":182,"column":9},"end":{"line":182,"column":null}},"type":"cond-expr","locations":[{"start":{"line":182,"column":35},"end":{"line":182,"column":54}},{"start":{"line":182,"column":54},"end":{"line":182,"column":null}}],"line":182}},"s":{"0":4,"1":435,"2":77,"3":77,"4":85,"5":85,"6":85,"7":46,"8":10,"9":5,"10":3,"11":10,"12":6,"13":4,"14":1,"15":18,"16":18,"17":3,"18":3,"19":1,"20":1,"21":16,"22":5,"23":11,"24":3,"25":8,"26":1,"27":7,"28":1,"29":6,"30":1,"31":5,"32":1,"33":4,"34":167,"35":167,"36":167,"37":167,"38":2,"39":2,"40":2,"41":1,"42":167,"43":167,"44":46,"45":46,"46":46,"47":46,"48":46,"49":3,"50":43,"51":9,"52":9,"53":3,"54":40,"55":20,"56":20,"57":20,"58":10,"59":3,"60":7,"61":7,"62":10,"63":1,"64":6,"65":10,"66":5,"67":1,"68":4,"69":4,"70":10,"71":3,"72":7,"73":1,"74":6},"f":{"0":435,"1":77,"2":85,"3":18,"4":167,"5":46,"6":10,"7":5,"8":10},"b":{"0":[435],"1":[77],"2":[77],"3":[85],"4":[46,10,5,3,10,6,4,1],"5":[18],"6":[18],"7":[3,15],"8":[1,2],"9":[5,11],"10":[3,8],"11":[11,9,3],"12":[1,7],"13":[1,6],"14":[1,5],"15":[6,2],"16":[1,4],"17":[167],"18":[166,1],"19":[2,165],"20":[1,1],"21":[0,46],"22":[3,43],"23":[46,12],"24":[9,34],"25":[43,11],"26":[9],"27":[3,6],"28":[20,20],"29":[40,21],"30":[0,20],"31":[20,0],"32":[0,20],"33":[0,20],"34":[3,7],"35":[0,7],"36":[1,9],"37":[1,5],"38":[0,6],"39":[1,4],"40":[0,4],"41":[3,7],"42":[1,6],"43":[3,3]},"meta":{"lastBranch":44,"lastFunction":9,"lastStatement":75,"seen":{"s:10:37:18:Infinity":0,"f:20:16:20:32":0,"b:20:64:20:82":0,"s:21:2:21:Infinity":1,"f:24:16:24:Infinity":1,"b:25:17:25:Infinity":1,"b:26:34:26:Infinity":2,"s:28:8:28:Infinity":2,"s:29:2:29:Infinity":3,"f:32:16:32:Infinity":2,"b:35:34:35:Infinity":3,"s:37:27:37:Infinity":4,"s:38:28:38:Infinity":5,"b:41:4:42:Infinity:43:4:44:Infinity:45:4:46:Infinity:47:4:48:Infinity:49:4:50:Infinity:51:4:52:Infinity:53:4:54:Infinity:55:4:56:Infinity":4,"s:40:2:57:Infinity":6,"s:42:6:42:Infinity":7,"s:44:6:44:Infinity":8,"s:46:6:46:Infinity":9,"s:48:6:48:Infinity":10,"s:50:6:50:Infinity":11,"s:52:6:52:Infinity":12,"s:54:6:54:Infinity":13,"s:56:6:56:Infinity":14,"f:60:16:60:Infinity":3,"b:62:34:62:Infinity":5,"b:63:17:63:Infinity":6,"s:66:27:66:Infinity":15,"b:69:2:77:Infinity:undefined:undefined:undefined:undefined":7,"s:69:2:77:Infinity":16,"s:70:4:76:Infinity":17,"b:71:6:73:Infinity:undefined:undefined:undefined:undefined":8,"s:71:6:73:Infinity":18,"s:72:8:72:Infinity":19,"s:75:6:75:Infinity":20,"b:79:2:81:Infinity:undefined:undefined:undefined:undefined":9,"s:79:2:81:Infinity":21,"s:80:4:80:Infinity":22,"b:83:2:85:Infinity:undefined:undefined:undefined:undefined":10,"s:83:2:85:Infinity":23,"b:83:7:83:22:83:22:83:68:83:68:83:99":11,"s:84:4:84:Infinity":24,"b:87:2:89:Infinity:undefined:undefined:undefined:undefined":12,"s:87:2:89:Infinity":25,"s:88:4:88:Infinity":26,"b:91:2:93:Infinity:undefined:undefined:undefined:undefined":13,"s:91:2:93:Infinity":27,"s:92:4:92:Infinity":28,"b:95:2:97:Infinity:undefined:undefined:undefined:undefined":14,"s:95:2:97:Infinity":29,"b:95:6:95:21:95:21:95:53":15,"s:96:4:96:Infinity":30,"b:99:2:101:Infinity:undefined:undefined:undefined:undefined":16,"s:99:2:101:Infinity":31,"s:100:4:100:Infinity":32,"s:103:2:103:Infinity":33,"f:106:16:106:Infinity":4,"b:108:34:108:Infinity":17,"s:111:27:111:Infinity":34,"s:112:14:112:Infinity":35,"s:114:4:116:Infinity":36,"b:115:8:115:Infinity:116:8:116:Infinity":18,"b:119:2:128:Infinity:undefined:undefined:undefined:undefined":19,"s:119:2:128:Infinity":37,"s:120:4:127:Infinity":38,"s:121:30:121:Infinity":39,"b:122:6:124:Infinity:undefined:undefined:undefined:undefined":20,"s:122:6:124:Infinity":40,"s:123:8:123:Infinity":41,"s:130:8:130:Infinity":42,"s:132:2:132:Infinity":43,"f:135:9:135:21":5,"s:136:21:136:Infinity":44,"s:137:19:137:Infinity":45,"b:137:32:137:51:137:51:137:Infinity":21,"s:138:21:138:Infinity":46,"s:139:21:139:Infinity":47,"b:141:2:143:Infinity:undefined:undefined:undefined:undefined":22,"s:141:2:143:Infinity":48,"b:141:6:141:35:141:35:141:67":23,"s:142:4:142:Infinity":49,"b:146:2:151:Infinity:undefined:undefined:undefined:undefined":24,"s:146:2:151:Infinity":50,"b:146:6:146:20:146:20:146:61":25,"s:147:36:147:Infinity":51,"b:147:30:147:32":26,"b:148:4:150:Infinity:undefined:undefined:undefined:undefined":27,"s:148:4:150:Infinity":52,"s:149:6:149:Infinity":53,"b:153:2:156:Infinity:undefined:undefined:undefined:undefined":28,"s:153:2:156:Infinity":54,"b:153:6:153:25:153:25:153:43":29,"s:154:25:154:Infinity":55,"b:154:54:154:60:154:60:154:Infinity":30,"b:154:25:154:40:154:40:154:54":31,"s:155:4:155:Infinity":56,"b:155:24:155:45:155:45:155:Infinity":32,"s:158:2:158:Infinity":57,"b:158:25:158:31:158:31:158:33":33,"f:161:9:161:23":6,"b:162:2:162:Infinity:undefined:undefined:undefined:undefined":34,"s:162:2:162:Infinity":58,"s:162:28:162:Infinity":59,"s:164:21:164:Infinity":60,"s:165:19:165:Infinity":61,"b:165:32:165:51:165:51:165:Infinity":35,"b:167:2:167:Infinity:undefined:undefined:undefined:undefined":36,"s:167:2:167:Infinity":62,"s:167:30:167:Infinity":63,"s:169:15:169:Infinity":64,"b:169:33:169:39:169:39:169:Infinity":37,"s:170:2:170:Infinity":65,"b:170:25:170:31:170:31:170:33":38,"f:173:9:173:20":7,"b:174:2:174:Infinity:undefined:undefined:undefined:undefined":39,"s:174:2:174:Infinity":66,"s:174:22:174:Infinity":67,"s:175:15:175:Infinity":68,"s:176:2:176:Infinity":69,"b:176:24:176:29:176:29:176:Infinity":40,"f:179:9:179:20":8,"b:180:2:180:Infinity:undefined:undefined:undefined:undefined":41,"s:180:2:180:Infinity":70,"s:180:29:180:Infinity":71,"b:181:2:181:Infinity:undefined:undefined:undefined:undefined":42,"s:181:2:181:Infinity":72,"s:181:16:181:Infinity":73,"s:182:2:182:Infinity":74,"b:182:35:182:54:182:54:182:Infinity":43}}}
,"/Users/denisebroekman/Workspace/numflux/src/integrations/icons.ts": {"path":"/Users/denisebroekman/Workspace/numflux/src/integrations/icons.ts","statementMap":{"0":{"start":{"line":19,"column":62},"end":{"line":19,"column":null}},"1":{"start":{"line":21,"column":2},"end":{"line":33,"column":null}},"2":{"start":{"line":22,"column":4},"end":{"line":32,"column":null}},"3":{"start":{"line":23,"column":6},"end":{"line":26,"column":null}},"4":{"start":{"line":28,"column":6},"end":{"line":31,"column":null}},"5":{"start":{"line":35,"column":2},"end":{"line":35,"column":null}},"6":{"start":{"line":49,"column":71},"end":{"line":49,"column":null}},"7":{"start":{"line":51,"column":2},"end":{"line":58,"column":null}},"8":{"start":{"line":52,"column":20},"end":{"line":52,"column":null}},"9":{"start":{"line":53,"column":4},"end":{"line":53,"column":null}},"10":{"start":{"line":54,"column":4},"end":{"line":57,"column":null}},"11":{"start":{"line":60,"column":2},"end":{"line":60,"column":null}},"12":{"start":{"line":73,"column":64},"end":{"line":73,"column":null}},"13":{"start":{"line":75,"column":2},"end":{"line":80,"column":null}},"14":{"start":{"line":76,"column":4},"end":{"line":79,"column":null}},"15":{"start":{"line":82,"column":2},"end":{"line":82,"column":null}},"16":{"start":{"line":98,"column":91},"end":{"line":98,"column":null}},"17":{"start":{"line":100,"column":2},"end":{"line":105,"column":null}},"18":{"start":{"line":101,"column":4},"end":{"line":104,"column":null}},"19":{"start":{"line":107,"column":2},"end":{"line":107,"column":null}},"20":{"start":{"line":116,"column":2},"end":{"line":118,"column":null}},"21":{"start":{"line":117,"column":4},"end":{"line":117,"column":null}},"22":{"start":{"line":121,"column":2},"end":{"line":139,"column":null}},"23":{"start":{"line":122,"column":16},"end":{"line":122,"column":null}},"24":{"start":{"line":124,"column":4},"end":{"line":126,"column":null}},"25":{"start":{"line":125,"column":6},"end":{"line":125,"column":null}},"26":{"start":{"line":129,"column":4},"end":{"line":135,"column":null}},"27":{"start":{"line":131,"column":6},"end":{"line":133,"column":null}},"28":{"start":{"line":134,"column":6},"end":{"line":134,"column":null}},"29":{"start":{"line":138,"column":4},"end":{"line":138,"column":null}},"30":{"start":{"line":141,"column":2},"end":{"line":141,"column":null}}},"fnMap":{"0":{"name":"createSvgIconTheme","decl":{"start":{"line":16,"column":16},"end":{"line":16,"column":null}},"loc":{"start":{"line":18,"column":2},"end":{"line":36,"column":null}},"line":18},"1":{"name":"createCssIconTheme","decl":{"start":{"line":48,"column":16},"end":{"line":48,"column":35}},"loc":{"start":{"line":48,"column":68},"end":{"line":61,"column":null}},"line":48},"2":{"name":"createImageIconTheme","decl":{"start":{"line":72,"column":16},"end":{"line":72,"column":37}},"loc":{"start":{"line":72,"column":87},"end":{"line":83,"column":null}},"line":72},"3":{"name":"createCustomIconTheme","decl":{"start":{"line":97,"column":16},"end":{"line":97,"column":38}},"loc":{"start":{"line":97,"column":97},"end":{"line":108,"column":null}},"line":97},"4":{"name":"extractSvgString","decl":{"start":{"line":114,"column":16},"end":{"line":114,"column":33}},"loc":{"start":{"line":114,"column":65},"end":{"line":142,"column":null}},"line":114}},"branchMap":{"0":{"loc":{"start":{"line":22,"column":4},"end":{"line":32,"column":null}},"type":"if","locations":[{"start":{"line":22,"column":4},"end":{"line":32,"column":null}},{"start":{"line":27,"column":11},"end":{"line":32,"column":null}}],"line":22},"1":{"loc":{"start":{"line":30,"column":13},"end":{"line":30,"column":null}},"type":"binary-expr","locations":[{"start":{"line":30,"column":13},"end":{"line":30,"column":25}},{"start":{"line":30,"column":25},"end":{"line":30,"column":null}}],"line":30},"2":{"loc":{"start":{"line":116,"column":2},"end":{"line":118,"column":null}},"type":"if","locations":[{"start":{"line":116,"column":2},"end":{"line":118,"column":null}},{"start":{},"end":{}}],"line":116},"3":{"loc":{"start":{"line":121,"column":2},"end":{"line":139,"column":null}},"type":"if","locations":[{"start":{"line":121,"column":2},"end":{"line":139,"column":null}},{"start":{},"end":{}}],"line":121},"4":{"loc":{"start":{"line":121,"column":6},"end":{"line":121,"column":67}},"type":"binary-expr","locations":[{"start":{"line":121,"column":6},"end":{"line":121,"column":43}},{"start":{"line":121,"column":43},"end":{"line":121,"column":67}}],"line":121},"5":{"loc":{"start":{"line":124,"column":4},"end":{"line":126,"column":null}},"type":"if","locations":[{"start":{"line":124,"column":4},"end":{"line":126,"column":null}},{"start":{},"end":{}}],"line":124},"6":{"loc":{"start":{"line":129,"column":4},"end":{"line":135,"column":null}},"type":"if","locations":[{"start":{"line":129,"column":4},"end":{"line":135,"column":null}},{"start":{},"end":{}}],"line":129}},"s":{"0":1,"1":1,"2":3,"3":1,"4":2,"5":1,"6":1,"7":1,"8":2,"9":2,"10":2,"11":1,"12":1,"13":1,"14":2,"15":1,"16":1,"17":1,"18":1,"19":1,"20":5,"21":1,"22":4,"23":3,"24":3,"25":1,"26":2,"27":1,"28":1,"29":1,"30":1},"f":{"0":1,"1":1,"2":1,"3":1,"4":5},"b":{"0":[1,2],"1":[2,1],"2":[1,4],"3":[3,1],"4":[4,3],"5":[1,2],"6":[1,1]},"meta":{"lastBranch":7,"lastFunction":5,"lastStatement":31,"seen":{"f:16:16:16:Infinity":0,"s:19:62:19:Infinity":0,"s:21:2:33:Infinity":1,"b:22:4:32:Infinity:27:11:32:Infinity":0,"s:22:4:32:Infinity":2,"s:23:6:26:Infinity":3,"s:28:6:31:Infinity":4,"b:30:13:30:25:30:25:30:Infinity":1,"s:35:2:35:Infinity":5,"f:48:16:48:35":1,"s:49:71:49:Infinity":6,"s:51:2:58:Infinity":7,"s:52:20:52:Infinity":8,"s:53:4:53:Infinity":9,"s:54:4:57:Infinity":10,"s:60:2:60:Infinity":11,"f:72:16:72:37":2,"s:73:64:73:Infinity":12,"s:75:2:80:Infinity":13,"s:76:4:79:Infinity":14,"s:82:2:82:Infinity":15,"f:97:16:97:38":3,"s:98:91:98:Infinity":16,"s:100:2:105:Infinity":17,"s:101:4:104:Infinity":18,"s:107:2:107:Infinity":19,"f:114:16:114:33":4,"b:116:2:118:Infinity:undefined:undefined:undefined:undefined":2,"s:116:2:118:Infinity":20,"s:117:4:117:Infinity":21,"b:121:2:139:Infinity:undefined:undefined:undefined:undefined":3,"s:121:2:139:Infinity":22,"b:121:6:121:43:121:43:121:67":4,"s:122:16:122:Infinity":23,"b:124:4:126:Infinity:undefined:undefined:undefined:undefined":5,"s:124:4:126:Infinity":24,"s:125:6:125:Infinity":25,"b:129:4:135:Infinity:undefined:undefined:undefined:undefined":6,"s:129:4:135:Infinity":26,"s:131:6:133:Infinity":27,"s:134:6:134:Infinity":28,"s:138:4:138:Infinity":29,"s:141:2:141:Infinity":30}}}
,"/Users/denisebroekman/Workspace/numflux/src/integrations/react.ts": {"path":"/Users/denisebroekman/Workspace/numflux/src/integrations/react.ts","statementMap":{"0":{"start":{"line":37,"column":45},"end":{"line":40,"column":null}},"1":{"start":{"line":42,"column":8},"end":{"line":42,"column":null}},"2":{"start":{"line":45,"column":23},"end":{"line":49,"column":null}},"3":{"start":{"line":46,"column":4},"end":{"line":46,"column":null}},"4":{"start":{"line":48,"column":4},"end":{"line":48,"column":null}},"5":{"start":{"line":51,"column":2},"end":{"line":54,"column":null}},"6":{"start":{"line":63,"column":2},"end":{"line":63,"column":null}},"7":{"start":{"line":63,"column":20},"end":{"line":63,"column":null}},"8":{"start":{"line":67,"column":6},"end":{"line":67,"column":null}},"9":{"start":{"line":69,"column":15},"end":{"line":69,"column":null}},"10":{"start":{"line":71,"column":2},"end":{"line":83,"column":null}},"11":{"start":{"line":72,"column":24},"end":{"line":72,"column":null}},"12":{"start":{"line":74,"column":4},"end":{"line":77,"column":null}},"13":{"start":{"line":75,"column":6},"end":{"line":75,"column":null}},"14":{"start":{"line":76,"column":6},"end":{"line":76,"column":null}},"15":{"start":{"line":79,"column":4},"end":{"line":82,"column":null}},"16":{"start":{"line":80,"column":6},"end":{"line":80,"column":null}},"17":{"start":{"line":81,"column":6},"end":{"line":81,"column":null}},"18":{"start":{"line":85,"column":2},"end":{"line":85,"column":null}},"19":{"start":{"line":89,"column":2},"end":{"line":94,"column":null}},"20":{"start":{"line":107,"column":2},"end":{"line":110,"column":null}},"21":{"start":{"line":108,"column":36},"end":{"line":108,"column":null}}},"fnMap":{"0":{"name":"createReactNumpad","decl":{"start":{"line":32,"column":16},"end":{"line":32,"column":null}},"loc":{"start":{"line":35,"column":88},"end":{"line":55,"column":null}},"line":35},"1":{"name":"(anonymous_1)","decl":{"start":{"line":45,"column":23},"end":{"line":45,"column":24}},"loc":{"start":{"line":45,"column":67},"end":{"line":49,"column":null}},"line":45},"2":{"name":"processReactLabels","decl":{"start":{"line":60,"column":9},"end":{"line":60,"column":null}},"loc":{"start":{"line":62,"column":30},"end":{"line":86,"column":null}},"line":62},"3":{"name":"isReactLabelConfig","decl":{"start":{"line":88,"column":9},"end":{"line":88,"column":28}},"loc":{"start":{"line":88,"column":71},"end":{"line":95,"column":null}},"line":88},"4":{"name":"useNumpad","decl":{"start":{"line":103,"column":16},"end":{"line":103,"column":26}},"loc":{"start":{"line":103,"column":60},"end":{"line":111,"column":null}},"line":103},"5":{"name":"(anonymous_5)","decl":{"start":{"line":108,"column":11},"end":{"line":108,"column":12}},"loc":{"start":{"line":108,"column":36},"end":{"line":108,"column":null}},"line":108}},"branchMap":{"0":{"loc":{"start":{"line":34,"column":2},"end":{"line":34,"column":null}},"type":"default-arg","locations":[{"start":{"line":34,"column":32},"end":{"line":34,"column":null}}],"line":34},"1":{"loc":{"start":{"line":63,"column":2},"end":{"line":63,"column":null}},"type":"if","locations":[{"start":{"line":63,"column":2},"end":{"line":63,"column":null}},{"start":{},"end":{}}],"line":63},"2":{"loc":{"start":{"line":74,"column":4},"end":{"line":77,"column":null}},"type":"if","locations":[{"start":{"line":74,"column":4},"end":{"line":77,"column":null}},{"start":{},"end":{}}],"line":74},"3":{"loc":{"start":{"line":79,"column":4},"end":{"line":82,"column":null}},"type":"if","locations":[{"start":{"line":79,"column":4},"end":{"line":82,"column":null}},{"start":{},"end":{}}],"line":79},"4":{"loc":{"start":{"line":80,"column":29},"end":{"line":80,"column":null}},"type":"binary-expr","locations":[{"start":{"line":80,"column":29},"end":{"line":80,"column":48}},{"start":{"line":80,"column":48},"end":{"line":80,"column":null}}],"line":80},"5":{"loc":{"start":{"line":90,"column":4},"end":{"line":93,"column":null}},"type":"binary-expr","locations":[{"start":{"line":90,"column":4},"end":{"line":90,"column":null}},{"start":{"line":91,"column":6},"end":{"line":91,"column":null}},{"start":{"line":92,"column":6},"end":{"line":92,"column":null}},{"start":{"line":93,"column":6},"end":{"line":93,"column":null}}],"line":90},"6":{"loc":{"start":{"line":103,"column":26},"end":{"line":103,"column":60}},"type":"default-arg","locations":[{"start":{"line":103,"column":56},"end":{"line":103,"column":60}}],"line":103}},"s":{"0":3,"1":3,"2":3,"3":1,"4":1,"5":3,"6":3,"7":1,"8":2,"9":2,"10":2,"11":4,"12":4,"13":2,"14":2,"15":2,"16":2,"17":2,"18":2,"19":2,"20":1,"21":1},"f":{"0":3,"1":1,"2":3,"3":2,"4":1,"5":1},"b":{"0":[3],"1":[1,2],"2":[2,2],"3":[2,0],"4":[2,1],"5":[2,2,2,2],"6":[1]},"meta":{"lastBranch":7,"lastFunction":6,"lastStatement":22,"seen":{"f:32:16:32:Infinity":0,"b:34:32:34:Infinity":0,"s:37:45:40:Infinity":0,"s:42:8:42:Infinity":1,"s:45:23:49:Infinity":2,"f:45:23:45:24":1,"s:46:4:46:Infinity":3,"s:48:4:48:Infinity":4,"s:51:2:54:Infinity":5,"f:60:9:60:Infinity":2,"b:63:2:63:Infinity:undefined:undefined:undefined:undefined":1,"s:63:2:63:Infinity":6,"s:63:20:63:Infinity":7,"s:67:6:67:Infinity":8,"s:69:15:69:Infinity":9,"s:71:2:83:Infinity":10,"s:72:24:72:Infinity":11,"b:74:4:77:Infinity:undefined:undefined:undefined:undefined":2,"s:74:4:77:Infinity":12,"s:75:6:75:Infinity":13,"s:76:6:76:Infinity":14,"b:79:4:82:Infinity:undefined:undefined:undefined:undefined":3,"s:79:4:82:Infinity":15,"s:80:6:80:Infinity":16,"b:80:29:80:48:80:48:80:Infinity":4,"s:81:6:81:Infinity":17,"s:85:2:85:Infinity":18,"f:88:9:88:28":3,"s:89:2:94:Infinity":19,"b:90:4:90:Infinity:91:6:91:Infinity:92:6:92:Infinity:93:6:93:Infinity":5,"f:103:16:103:26":4,"b:103:56:103:60":6,"s:107:2:110:Infinity":20,"f:108:11:108:12":5,"s:108:36:108:Infinity":21}}}
,"/Users/denisebroekman/Workspace/numflux/src/integrations/utils.ts": {"path":"/Users/denisebroekman/Workspace/numflux/src/integrations/utils.ts","statementMap":{"0":{"start":{"line":22,"column":2},"end":{"line":27,"column":null}},"1":{"start":{"line":23,"column":29},"end":{"line":25,"column":null}},"2":{"start":{"line":26,"column":4},"end":{"line":26,"column":null}},"3":{"start":{"line":29,"column":2},"end":{"line":32,"column":null}},"4":{"start":{"line":30,"column":27},"end":{"line":30,"column":null}},"5":{"start":{"line":31,"column":4},"end":{"line":31,"column":null}},"6":{"start":{"line":34,"column":2},"end":{"line":37,"column":null}},"7":{"start":{"line":35,"column":26},"end":{"line":35,"column":null}},"8":{"start":{"line":36,"column":4},"end":{"line":36,"column":null}},"9":{"start":{"line":39,"column":2},"end":{"line":63,"column":null}},"10":{"start":{"line":40,"column":20},"end":{"line":40,"column":null}},"11":{"start":{"line":41,"column":4},"end":{"line":62,"column":null}},"12":{"start":{"line":42,"column":22},"end":{"line":42,"column":null}},"13":{"start":{"line":44,"column":6},"end":{"line":47,"column":null}},"14":{"start":{"line":45,"column":30},"end":{"line":45,"column":null}},"15":{"start":{"line":46,"column":8},"end":{"line":46,"column":null}},"16":{"start":{"line":49,"column":6},"end":{"line":54,"column":null}},"17":{"start":{"line":50,"column":30},"end":{"line":52,"column":null}},"18":{"start":{"line":53,"column":8},"end":{"line":53,"column":null}},"19":{"start":{"line":56,"column":6},"end":{"line":61,"column":null}},"20":{"start":{"line":57,"column":29},"end":{"line":59,"column":null}},"21":{"start":{"line":60,"column":8},"end":{"line":60,"column":null}},"22":{"start":{"line":65,"column":2},"end":{"line":65,"column":null}},"23":{"start":{"line":79,"column":2},"end":{"line":81,"column":null}},"24":{"start":{"line":80,"column":4},"end":{"line":80,"column":null}},"25":{"start":{"line":83,"column":2},"end":{"line":87,"column":null}},"26":{"start":{"line":84,"column":4},"end":{"line":86,"column":null}},"27":{"start":{"line":85,"column":6},"end":{"line":85,"column":null}},"28":{"start":{"line":89,"column":2},"end":{"line":91,"column":null}},"29":{"start":{"line":90,"column":4},"end":{"line":90,"column":null}},"30":{"start":{"line":93,"column":2},"end":{"line":93,"column":null}},"31":{"start":{"line":109,"column":69},"end":{"line":109,"column":null}},"32":{"start":{"line":111,"column":2},"end":{"line":113,"column":null}},"33":{"start":{"line":112,"column":4},"end":{"line":112,"column":null}},"34":{"start":{"line":115,"column":2},"end":{"line":117,"column":null}},"35":{"start":{"line":116,"column":4},"end":{"line":116,"column":null}},"36":{"start":{"line":119,"column":2},"end":{"line":121,"column":null}},"37":{"start":{"line":120,"column":4},"end":{"line":120,"column":null}},"38":{"start":{"line":123,"column":2},"end":{"line":125,"column":null}},"39":{"start":{"line":124,"column":4},"end":{"line":124,"column":null}},"40":{"start":{"line":127,"column":2},"end":{"line":129,"column":null}},"41":{"start":{"line":128,"column":4},"end":{"line":128,"column":null}},"42":{"start":{"line":132,"column":26},"end":{"line":132,"column":null}},"43":{"start":{"line":133,"column":2},"end":{"line":140,"column":null}},"44":{"start":{"line":134,"column":4},"end":{"line":134,"column":null}},"45":{"start":{"line":134,"column":17},"end":{"line":134,"column":null}},"46":{"start":{"line":135,"column":4},"end":{"line":135,"column":null}},"47":{"start":{"line":135,"column":16},"end":{"line":135,"column":null}},"48":{"start":{"line":136,"column":4},"end":{"line":136,"column":null}},"49":{"start":{"line":136,"column":19},"end":{"line":136,"column":null}},"50":{"start":{"line":137,"column":4},"end":{"line":137,"column":null}},"51":{"start":{"line":137,"column":22},"end":{"line":137,"column":null}},"52":{"start":{"line":138,"column":4},"end":{"line":138,"column":null}},"53":{"start":{"line":138,"column":22},"end":{"line":138,"column":null}},"54":{"start":{"line":139,"column":4},"end":{"line":139,"column":null}},"55":{"start":{"line":142,"column":2},"end":{"line":142,"column":null}},"56":{"start":{"line":157,"column":2},"end":{"line":161,"column":null}},"57":{"start":{"line":158,"column":4},"end":{"line":160,"column":null}},"58":{"start":{"line":159,"column":6},"end":{"line":159,"column":null}},"59":{"start":{"line":163,"column":2},"end":{"line":167,"column":null}},"60":{"start":{"line":164,"column":4},"end":{"line":166,"column":null}},"61":{"start":{"line":165,"column":6},"end":{"line":165,"column":null}},"62":{"start":{"line":169,"column":2},"end":{"line":173,"column":null}},"63":{"start":{"line":170,"column":4},"end":{"line":172,"column":null}},"64":{"start":{"line":171,"column":6},"end":{"line":171,"column":null}},"65":{"start":{"line":175,"column":2},"end":{"line":182,"column":null}},"66":{"start":{"line":176,"column":20},"end":{"line":176,"column":null}},"67":{"start":{"line":177,"column":4},"end":{"line":181,"column":null}},"68":{"start":{"line":178,"column":6},"end":{"line":180,"column":null}},"69":{"start":{"line":179,"column":8},"end":{"line":179,"column":null}},"70":{"start":{"line":184,"column":2},"end":{"line":184,"column":null}},"71":{"start":{"line":191,"column":17},"end":{"line":191,"column":null}},"72":{"start":{"line":192,"column":2},"end":{"line":192,"column":null}},"73":{"start":{"line":192,"column":27},"end":{"line":192,"column":null}},"74":{"start":{"line":193,"column":2},"end":{"line":193,"column":null}},"75":{"start":{"line":193,"column":76},"end":{"line":193,"column":null}},"76":{"start":{"line":194,"column":2},"end":{"line":194,"column":null}},"77":{"start":{"line":201,"column":2},"end":{"line":203,"column":null}},"78":{"start":{"line":202,"column":4},"end":{"line":202,"column":null}},"79":{"start":{"line":202,"column":35},"end":{"line":202,"column":44}},"80":{"start":{"line":209,"column":2},"end":{"line":209,"column":null}},"81":{"start":{"line":209,"column":14},"end":{"line":209,"column":null}},"82":{"start":{"line":210,"column":2},"end":{"line":210,"column":null}}},"fnMap":{"0":{"name":"withClassNames","decl":{"start":{"line":11,"column":16},"end":{"line":11,"column":null}},"loc":{"start":{"line":21,"column":2},"end":{"line":66,"column":null}},"line":21},"1":{"name":"(anonymous_1)","decl":{"start":{"line":41,"column":20},"end":{"line":41,"column":21}},"loc":{"start":{"line":41,"column":32},"end":{"line":62,"column":5}},"line":41},"2":{"name":"withTheme","decl":{"start":{"line":71,"column":16},"end":{"line":71,"column":null}},"loc":{"start":{"line":78,"column":2},"end":{"line":94,"column":null}},"line":78},"3":{"name":"withEventHandlers","decl":{"start":{"line":99,"column":16},"end":{"line":99,"column":null}},"loc":{"start":{"line":108,"column":2},"end":{"line":143,"column":null}},"line":108},"4":{"name":"(anonymous_4)","decl":{"start":{"line":133,"column":21},"end":{"line":133,"column":27}},"loc":{"start":{"line":133,"column":27},"end":{"line":140,"column":null}},"line":133},"5":{"name":"withAttributes","decl":{"start":{"line":148,"column":16},"end":{"line":148,"column":null}},"loc":{"start":{"line":156,"column":2},"end":{"line":185,"column":null}},"line":156},"6":{"name":"(anonymous_6)","decl":{"start":{"line":177,"column":20},"end":{"line":177,"column":21}},"loc":{"start":{"line":177,"column":32},"end":{"line":181,"column":5}},"line":177},"7":{"name":"getButtonVariant","decl":{"start":{"line":190,"column":16},"end":{"line":190,"column":33}},"loc":{"start":{"line":190,"column":92},"end":{"line":195,"column":null}},"line":190},"8":{"name":"compose","decl":{"start":{"line":200,"column":16},"end":{"line":200,"column":30}},"loc":{"start":{"line":200,"column":62},"end":{"line":204,"column":null}},"line":200},"9":{"name":"(anonymous_9)","decl":{"start":{"line":201,"column":9},"end":{"line":201,"column":10}},"loc":{"start":{"line":201,"column":29},"end":{"line":203,"column":null}},"line":201},"10":{"name":"(anonymous_10)","decl":{"start":{"line":202,"column":22},"end":{"line":202,"column":23}},"loc":{"start":{"line":202,"column":35},"end":{"line":202,"column":44}},"line":202},"11":{"name":"toArray","decl":{"start":{"line":208,"column":16},"end":{"line":208,"column":24}},"loc":{"start":{"line":208,"column":68},"end":{"line":211,"column":null}},"line":208}},"branchMap":{"0":{"loc":{"start":{"line":22,"column":2},"end":{"line":27,"column":null}},"type":"if","locations":[{"start":{"line":22,"column":2},"end":{"line":27,"column":null}},{"start":{},"end":{}}],"line":22},"1":{"loc":{"start":{"line":23,"column":29},"end":{"line":25,"column":null}},"type":"cond-expr","locations":[{"start":{"line":24,"column":8},"end":{"line":24,"column":null}},{"start":{"line":25,"column":8},"end":{"line":25,"column":null}}],"line":23},"2":{"loc":{"start":{"line":29,"column":2},"end":{"line":32,"column":null}},"type":"if","locations":[{"start":{"line":29,"column":2},"end":{"line":32,"column":null}},{"start":{},"end":{}}],"line":29},"3":{"loc":{"start":{"line":30,"column":27},"end":{"line":30,"column":null}},"type":"cond-expr","locations":[{"start":{"line":30,"column":61},"end":{"line":30,"column":80}},{"start":{"line":30,"column":80},"end":{"line":30,"column":null}}],"line":30},"4":{"loc":{"start":{"line":34,"column":2},"end":{"line":37,"column":null}},"type":"if","locations":[{"start":{"line":34,"column":2},"end":{"line":37,"column":null}},{"start":{},"end":{}}],"line":34},"5":{"loc":{"start":{"line":35,"column":26},"end":{"line":35,"column":null}},"type":"cond-expr","locations":[{"start":{"line":35,"column":59},"end":{"line":35,"column":77}},{"start":{"line":35,"column":77},"end":{"line":35,"column":null}}],"line":35},"6":{"loc":{"start":{"line":39,"column":2},"end":{"line":63,"column":null}},"type":"if","locations":[{"start":{"line":39,"column":2},"end":{"line":63,"column":null}},{"start":{},"end":{}}],"line":39},"7":{"loc":{"start":{"line":39,"column":6},"end":{"line":39,"column":72}},"type":"binary-expr","locations":[{"start":{"line":39,"column":6},"end":{"line":39,"column":25}},{"start":{"line":39,"column":25},"end":{"line":39,"column":50}},{"start":{"line":39,"column":50},"end":{"line":39,"column":72}}],"line":39},"8":{"loc":{"start":{"line":44,"column":6},"end":{"line":47,"column":null}},"type":"if","locations":[{"start":{"line":44,"column":6},"end":{"line":47,"column":null}},{"start":{},"end":{}}],"line":44},"9":{"loc":{"start":{"line":45,"column":30},"end":{"line":45,"column":null}},"type":"cond-expr","locations":[{"start":{"line":45,"column":63},"end":{"line":45,"column":81}},{"start":{"line":45,"column":81},"end":{"line":45,"column":null}}],"line":45},"10":{"loc":{"start":{"line":49,"column":6},"end":{"line":54,"column":null}},"type":"if","locations":[{"start":{"line":49,"column":6},"end":{"line":54,"column":null}},{"start":{},"end":{}}],"line":49},"11":{"loc":{"start":{"line":49,"column":10},"end":{"line":49,"column":57}},"type":"binary-expr","locations":[{"start":{"line":49,"column":10},"end":{"line":49,"column":34}},{"start":{"line":49,"column":34},"end":{"line":49,"column":57}}],"line":49},"12":{"loc":{"start":{"line":50,"column":30},"end":{"line":52,"column":null}},"type":"cond-expr","locations":[{"start":{"line":51,"column":12},"end":{"line":51,"column":null}},{"start":{"line":52,"column":12},"end":{"line":52,"column":null}}],"line":50},"13":{"loc":{"start":{"line":56,"column":6},"end":{"line":61,"column":null}},"type":"if","locations":[{"start":{"line":56,"column":6},"end":{"line":61,"column":null}},{"start":{},"end":{}}],"line":56},"14":{"loc":{"start":{"line":56,"column":10},"end":{"line":56,"column":55}},"type":"binary-expr","locations":[{"start":{"line":56,"column":10},"end":{"line":56,"column":33}},{"start":{"line":56,"column":33},"end":{"line":56,"column":55}}],"line":56},"15":{"loc":{"start":{"line":57,"column":29},"end":{"line":59,"column":null}},"type":"cond-expr","locations":[{"start":{"line":58,"column":12},"end":{"line":58,"column":null}},{"start":{"line":59,"column":12},"end":{"line":59,"column":null}}],"line":57},"16":{"loc":{"start":{"line":79,"column":2},"end":{"line":81,"column":null}},"type":"if","locations":[{"start":{"line":79,"column":2},"end":{"line":81,"column":null}},{"start":{},"end":{}}],"line":79},"17":{"loc":{"start":{"line":83,"column":2},"end":{"line":87,"column":null}},"type":"if","locations":[{"start":{"line":83,"column":2},"end":{"line":87,"column":null}},{"start":{},"end":{}}],"line":83},"18":{"loc":{"start":{"line":89,"column":2},"end":{"line":91,"column":null}},"type":"if","locations":[{"start":{"line":89,"column":2},"end":{"line":91,"column":null}},{"start":{},"end":{}}],"line":89},"19":{"loc":{"start":{"line":111,"column":2},"end":{"line":113,"column":null}},"type":"if","locations":[{"start":{"line":111,"column":2},"end":{"line":113,"column":null}},{"start":{},"end":{}}],"line":111},"20":{"loc":{"start":{"line":115,"column":2},"end":{"line":117,"column":null}},"type":"if","locations":[{"start":{"line":115,"column":2},"end":{"line":117,"column":null}},{"start":{},"end":{}}],"line":115},"21":{"loc":{"start":{"line":119,"column":2},"end":{"line":121,"column":null}},"type":"if","locations":[{"start":{"line":119,"column":2},"end":{"line":121,"column":null}},{"start":{},"end":{}}],"line":119},"22":{"loc":{"start":{"line":123,"column":2},"end":{"line":125,"column":null}},"type":"if","locations":[{"start":{"line":123,"column":2},"end":{"line":125,"column":null}},{"start":{},"end":{}}],"line":123},"23":{"loc":{"start":{"line":127,"column":2},"end":{"line":129,"column":null}},"type":"if","locations":[{"start":{"line":127,"column":2},"end":{"line":129,"column":null}},{"start":{},"end":{}}],"line":127},"24":{"loc":{"start":{"line":134,"column":4},"end":{"line":134,"column":null}},"type":"if","locations":[{"start":{"line":134,"column":4},"end":{"line":134,"column":null}},{"start":{},"end":{}}],"line":134},"25":{"loc":{"start":{"line":135,"column":4},"end":{"line":135,"column":null}},"type":"if","locations":[{"start":{"line":135,"column":4},"end":{"line":135,"column":null}},{"start":{},"end":{}}],"line":135},"26":{"loc":{"start":{"line":136,"column":4},"end":{"line":136,"column":null}},"type":"if","locations":[{"start":{"line":136,"column":4},"end":{"line":136,"column":null}},{"start":{},"end":{}}],"line":136},"27":{"loc":{"start":{"line":137,"column":4},"end":{"line":137,"column":null}},"type":"if","locations":[{"start":{"line":137,"column":4},"end":{"line":137,"column":null}},{"start":{},"end":{}}],"line":137},"28":{"loc":{"start":{"line":138,"column":4},"end":{"line":138,"column":null}},"type":"if","locations":[{"start":{"line":138,"column":4},"end":{"line":138,"column":null}},{"start":{},"end":{}}],"line":138},"29":{"loc":{"start":{"line":157,"column":2},"end":{"line":161,"column":null}},"type":"if","locations":[{"start":{"line":157,"column":2},"end":{"line":161,"column":null}},{"start":{},"end":{}}],"line":157},"30":{"loc":{"start":{"line":163,"column":2},"end":{"line":167,"column":null}},"type":"if","locations":[{"start":{"line":163,"column":2},"end":{"line":167,"column":null}},{"start":{},"end":{}}],"line":163},"31":{"loc":{"start":{"line":169,"column":2},"end":{"line":173,"column":null}},"type":"if","locations":[{"start":{"line":169,"column":2},"end":{"line":173,"column":null}},{"start":{},"end":{}}],"line":169},"32":{"loc":{"start":{"line":175,"column":2},"end":{"line":182,"column":null}},"type":"if","locations":[{"start":{"line":175,"column":2},"end":{"line":182,"column":null}},{"start":{},"end":{}}],"line":175},"33":{"loc":{"start":{"line":192,"column":2},"end":{"line":192,"column":null}},"type":"if","locations":[{"start":{"line":192,"column":2},"end":{"line":192,"column":null}},{"start":{},"end":{}}],"line":192},"34":{"loc":{"start":{"line":193,"column":2},"end":{"line":193,"column":null}},"type":"if","locations":[{"start":{"line":193,"column":2},"end":{"line":193,"column":null}},{"start":{},"end":{}}],"line":193},"35":{"loc":{"start":{"line":193,"column":61},"end":{"line":193,"column":73}},"type":"binary-expr","locations":[{"start":{"line":193,"column":61},"end":{"line":193,"column":71}},{"start":{"line":193,"column":71},"end":{"line":193,"column":73}}],"line":193},"36":{"loc":{"start":{"line":209,"column":2},"end":{"line":209,"column":null}},"type":"if","locations":[{"start":{"line":209,"column":2},"end":{"line":209,"column":null}},{"start":{},"end":{}}],"line":209},"37":{"loc":{"start":{"line":210,"column":9},"end":{"line":210,"column":null}},"type":"cond-expr","locations":[{"start":{"line":210,"column":32},"end":{"line":210,"column":40}},{"start":{"line":210,"column":40},"end":{"line":210,"column":null}}],"line":210}},"s":{"0":1,"1":1,"2":1,"3":1,"4":1,"5":1,"6":1,"7":1,"8":1,"9":1,"10":1,"11":1,"12":3,"13":3,"14":3,"15":3,"16":3,"17":1,"18":1,"19":3,"20":1,"21":1,"22":1,"23":2,"24":1,"25":2,"26":1,"27":1,"28":2,"29":1,"30":2,"31":2,"32":2,"33":2,"34":2,"35":2,"36":2,"37":2,"38":2,"39":2,"40":2,"41":2,"42":2,"43":2,"44":2,"45":2,"46":2,"47":2,"48":2,"49":2,"50":2,"51":2,"52":2,"53":2,"54":2,"55":2,"56":2,"57":1,"58":1,"59":2,"60":1,"61":1,"62":2,"63":1,"64":1,"65":2,"66":1,"67":1,"68":3,"69":3,"70":2,"71":310,"72":310,"73":22,"74":288,"75":85,"76":203,"77":1,"78":1,"79":2,"80":4,"81":2,"82":2},"f":{"0":1,"1":3,"2":2,"3":2,"4":2,"5":2,"6":3,"7":310,"8":1,"9":1,"10":2,"11":4},"b":{"0":[1,0],"1":[1,0],"2":[1,0],"3":[0,1],"4":[1,0],"5":[1,0],"6":[1,0],"7":[1,0,0],"8":[3,0],"9":[0,3],"10":[1,2],"11":[3,1],"12":[0,1],"13":[1,2],"14":[3,1],"15":[1,0],"16":[1,1],"17":[1,1],"18":[1,1],"19":[2,0],"20":[2,0],"21":[2,0],"22":[2,0],"23":[2,0],"24":[2,0],"25":[2,0],"26":[2,0],"27":[2,0],"28":[2,0],"29":[1,1],"30":[1,1],"31":[1,1],"32":[1,1],"33":[22,288],"34":[85,203],"35":[288,1],"36":[2,2],"37":[1,1]},"meta":{"lastBranch":38,"lastFunction":12,"lastStatement":83,"seen":{"f:11:16:11:Infinity":0,"b:22:2:27:Infinity:undefined:undefined:undefined:undefined":0,"s:22:2:27:Infinity":0,"s:23:29:25:Infinity":1,"b:24:8:24:Infinity:25:8:25:Infinity":1,"s:26:4:26:Infinity":2,"b:29:2:32:Infinity:undefined:undefined:undefined:undefined":2,"s:29:2:32:Infinity":3,"s:30:27:30:Infinity":4,"b:30:61:30:80:30:80:30:Infinity":3,"s:31:4:31:Infinity":5,"b:34:2:37:Infinity:undefined:undefined:undefined:undefined":4,"s:34:2:37:Infinity":6,"s:35:26:35:Infinity":7,"b:35:59:35:77:35:77:35:Infinity":5,"s:36:4:36:Infinity":8,"b:39:2:63:Infinity:undefined:undefined:undefined:undefined":6,"s:39:2:63:Infinity":9,"b:39:6:39:25:39:25:39:50:39:50:39:72":7,"s:40:20:40:Infinity":10,"s:41:4:62:Infinity":11,"f:41:20:41:21":1,"s:42:22:42:Infinity":12,"b:44:6:47:Infinity:undefined:undefined:undefined:undefined":8,"s:44:6:47:Infinity":13,"s:45:30:45:Infinity":14,"b:45:63:45:81:45:81:45:Infinity":9,"s:46:8:46:Infinity":15,"b:49:6:54:Infinity:undefined:undefined:undefined:undefined":10,"s:49:6:54:Infinity":16,"b:49:10:49:34:49:34:49:57":11,"s:50:30:52:Infinity":17,"b:51:12:51:Infinity:52:12:52:Infinity":12,"s:53:8:53:Infinity":18,"b:56:6:61:Infinity:undefined:undefined:undefined:undefined":13,"s:56:6:61:Infinity":19,"b:56:10:56:33:56:33:56:55":14,"s:57:29:59:Infinity":20,"b:58:12:58:Infinity:59:12:59:Infinity":15,"s:60:8:60:Infinity":21,"s:65:2:65:Infinity":22,"f:71:16:71:Infinity":2,"b:79:2:81:Infinity:undefined:undefined:undefined:undefined":16,"s:79:2:81:Infinity":23,"s:80:4:80:Infinity":24,"b:83:2:87:Infinity:undefined:undefined:undefined:undefined":17,"s:83:2:87:Infinity":25,"s:84:4:86:Infinity":26,"s:85:6:85:Infinity":27,"b:89:2:91:Infinity:undefined:undefined:undefined:undefined":18,"s:89:2:91:Infinity":28,"s:90:4:90:Infinity":29,"s:93:2:93:Infinity":30,"f:99:16:99:Infinity":3,"s:109:69:109:Infinity":31,"b:111:2:113:Infinity:undefined:undefined:undefined:undefined":19,"s:111:2:113:Infinity":32,"s:112:4:112:Infinity":33,"b:115:2:117:Infinity:undefined:undefined:undefined:undefined":20,"s:115:2:117:Infinity":34,"s:116:4:116:Infinity":35,"b:119:2:121:Infinity:undefined:undefined:undefined:undefined":21,"s:119:2:121:Infinity":36,"s:120:4:120:Infinity":37,"b:123:2:125:Infinity:undefined:undefined:undefined:undefined":22,"s:123:2:125:Infinity":38,"s:124:4:124:Infinity":39,"b:127:2:129:Infinity:undefined:undefined:undefined:undefined":23,"s:127:2:129:Infinity":40,"s:128:4:128:Infinity":41,"s:132:26:132:Infinity":42,"s:133:2:140:Infinity":43,"f:133:21:133:27":4,"b:134:4:134:Infinity:undefined:undefined:undefined:undefined":24,"s:134:4:134:Infinity":44,"s:134:17:134:Infinity":45,"b:135:4:135:Infinity:undefined:undefined:undefined:undefined":25,"s:135:4:135:Infinity":46,"s:135:16:135:Infinity":47,"b:136:4:136:Infinity:undefined:undefined:undefined:undefined":26,"s:136:4:136:Infinity":48,"s:136:19:136:Infinity":49,"b:137:4:137:Infinity:undefined:undefined:undefined:undefined":27,"s:137:4:137:Infinity":50,"s:137:22:137:Infinity":51,"b:138:4:138:Infinity:undefined:undefined:undefined:undefined":28,"s:138:4:138:Infinity":52,"s:138:22:138:Infinity":53,"s:139:4:139:Infinity":54,"s:142:2:142:Infinity":55,"f:148:16:148:Infinity":5,"b:157:2:161:Infinity:undefined:undefined:undefined:undefined":29,"s:157:2:161:Infinity":56,"s:158:4:160:Infinity":57,"s:159:6:159:Infinity":58,"b:163:2:167:Infinity:undefined:undefined:undefined:undefined":30,"s:163:2:167:Infinity":59,"s:164:4:166:Infinity":60,"s:165:6:165:Infinity":61,"b:169:2:173:Infinity:undefined:undefined:undefined:undefined":31,"s:169:2:173:Infinity":62,"s:170:4:172:Infinity":63,"s:171:6:171:Infinity":64,"b:175:2:182:Infinity:undefined:undefined:undefined:undefined":32,"s:175:2:182:Infinity":65,"s:176:20:176:Infinity":66,"s:177:4:181:Infinity":67,"f:177:20:177:21":6,"s:178:6:180:Infinity":68,"s:179:8:179:Infinity":69,"s:184:2:184:Infinity":70,"f:190:16:190:33":7,"s:191:17:191:Infinity":71,"b:192:2:192:Infinity:undefined:undefined:undefined:undefined":33,"s:192:2:192:Infinity":72,"s:192:27:192:Infinity":73,"b:193:2:193:Infinity:undefined:undefined:undefined:undefined":34,"s:193:2:193:Infinity":74,"b:193:61:193:71:193:71:193:73":35,"s:193:76:193:Infinity":75,"s:194:2:194:Infinity":76,"f:200:16:200:30":8,"s:201:2:203:Infinity":77,"f:201:9:201:10":9,"s:202:4:202:Infinity":78,"f:202:22:202:23":10,"s:202:35:202:44":79,"f:208:16:208:24":11,"b:209:2:209:Infinity:undefined:undefined:undefined:undefined":36,"s:209:2:209:Infinity":80,"s:209:14:209:Infinity":81,"s:210:2:210:Infinity":82,"b:210:32:210:40:210:40:210:Infinity":37}}}
,"/Users/denisebroekman/Workspace/numflux/src/integrations/vanilla.ts": {"path":"/Users/denisebroekman/Workspace/numflux/src/integrations/vanilla.ts","statementMap":{"0":{"start":{"line":7,"column":15},"end":{"line":7,"column":null}},"1":{"start":{"line":29,"column":46},"end":{"line":29,"column":null}},"2":{"start":{"line":32,"column":8},"end":{"line":35,"column":null}},"3":{"start":{"line":38,"column":2},"end":{"line":38,"column":null}},"4":{"start":{"line":39,"column":2},"end":{"line":39,"column":null}},"5":{"start":{"line":40,"column":2},"end":{"line":40,"column":null}},"6":{"start":{"line":43,"column":2},"end":{"line":45,"column":null}},"7":{"start":{"line":44,"column":4},"end":{"line":44,"column":null}},"8":{"start":{"line":48,"column":18},"end":{"line":48,"column":null}},"9":{"start":{"line":49,"column":2},"end":{"line":52,"column":null}},"10":{"start":{"line":50,"column":10},"end":{"line":50,"column":null}},"11":{"start":{"line":51,"column":4},"end":{"line":51,"column":null}},"12":{"start":{"line":54,"column":2},"end":{"line":54,"column":null}},"13":{"start":{"line":58,"column":30},"end":{"line":58,"column":null}},"14":{"start":{"line":59,"column":2},"end":{"line":59,"column":null}},"15":{"start":{"line":59,"column":28},"end":{"line":59,"column":null}},"16":{"start":{"line":60,"column":2},"end":{"line":60,"column":null}},"17":{"start":{"line":60,"column":27},"end":{"line":60,"column":null}},"18":{"start":{"line":61,"column":2},"end":{"line":61,"column":null}}},"fnMap":{"0":{"name":"mountNumpad","decl":{"start":{"line":25,"column":16},"end":{"line":25,"column":null}},"loc":{"start":{"line":28,"column":25},"end":{"line":55,"column":null}},"line":28},"1":{"name":"(anonymous_1)","decl":{"start":{"line":49,"column":18},"end":{"line":49,"column":19}},"loc":{"start":{"line":49,"column":30},"end":{"line":52,"column":3}},"line":49},"2":{"name":"buildButtonClassNames","decl":{"start":{"line":57,"column":9},"end":{"line":57,"column":31}},"loc":{"start":{"line":57,"column":96},"end":{"line":62,"column":null}},"line":57}},"branchMap":{"0":{"loc":{"start":{"line":27,"column":2},"end":{"line":27,"column":null}},"type":"default-arg","locations":[{"start":{"line":27,"column":34},"end":{"line":27,"column":null}}],"line":27},"1":{"loc":{"start":{"line":34,"column":11},"end":{"line":34,"column":null}},"type":"cond-expr","locations":[{"start":{"line":34,"column":19},"end":{"line":34,"column":37}},{"start":{"line":34,"column":37},"end":{"line":34,"column":null}}],"line":34},"2":{"loc":{"start":{"line":43,"column":2},"end":{"line":45,"column":null}},"type":"if","locations":[{"start":{"line":43,"column":2},"end":{"line":45,"column":null}},{"start":{},"end":{}}],"line":43},"3":{"loc":{"start":{"line":57,"column":31},"end":{"line":57,"column":96}},"type":"default-arg","locations":[{"start":{"line":57,"column":73},"end":{"line":57,"column":96}}],"line":57},"4":{"loc":{"start":{"line":59,"column":2},"end":{"line":59,"column":null}},"type":"if","locations":[{"start":{"line":59,"column":2},"end":{"line":59,"column":null}},{"start":{},"end":{}}],"line":59},"5":{"loc":{"start":{"line":60,"column":2},"end":{"line":60,"column":null}},"type":"if","locations":[{"start":{"line":60,"column":2},"end":{"line":60,"column":null}},{"start":{},"end":{}}],"line":60}},"s":{"0":1,"1":20,"2":20,"3":20,"4":20,"5":20,"6":20,"7":1,"8":20,"9":20,"10":300,"11":300,"12":20,"13":300,"14":300,"15":20,"16":300,"17":80,"18":300},"f":{"0":20,"1":300,"2":300},"b":{"0":[20],"1":[1,19],"2":[1,19],"3":[300],"4":[20,280],"5":[80,220]},"meta":{"lastBranch":6,"lastFunction":3,"lastStatement":19,"seen":{"s:7:15:7:Infinity":0,"f:25:16:25:Infinity":0,"b:27:34:27:Infinity":0,"s:29:46:29:Infinity":1,"s:32:8:35:Infinity":2,"b:34:19:34:37:34:37:34:Infinity":1,"s:38:2:38:Infinity":3,"s:39:2:39:Infinity":4,"s:40:2:40:Infinity":5,"b:43:2:45:Infinity:undefined:undefined:undefined:undefined":2,"s:43:2:45:Infinity":6,"s:44:4:44:Infinity":7,"s:48:18:48:Infinity":8,"s:49:2:52:Infinity":9,"f:49:18:49:19":1,"s:50:10:50:Infinity":10,"s:51:4:51:Infinity":11,"s:54:2:54:Infinity"
[...]
{},"end":{}}],"line":111},"19":{"loc":{"start":{"line":111,"column":8},"end":{"line":111,"column":66}},"type":"binary-expr","locations":[{"start":{"line":111,"column":8},"end":{"line":111,"column":48}},{"start":{"line":111,"column":48},"end":{"line":111,"column":66}}],"line":111},"20":{"loc":{"start":{"line":114,"column":17},"end":{"line":114,"column":null}},"type":"binary-expr","locations":[{"start":{"line":114,"column":17},"end":{"line":114,"column":46}},{"start":{"line":114,"column":46},"end":{"line":114,"column":53}},{"start":{"line":114,"column":53},"end":{"line":114,"column":null}}],"line":114},"21":{"loc":{"start":{"line":115,"column":24},"end":{"line":115,"column":null}},"type":"cond-expr","locations":[{"start":{"line":115,"column":67},"end":{"line":115,"column":90}},{"start":{"line":115,"column":90},"end":{"line":115,"column":null}}],"line":115},"22":{"loc":{"start":{"line":124,"column":4},"end":{"line":126,"column":null}},"type":"if","locations":[{"start":{"line":124,"column":4},"end":{"line":126,"column":null}},{"start":{},"end":{}}],"line":124},"23":{"loc":{"start":{"line":124,"column":8},"end":{"line":124,"column":64}},"type":"binary-expr","locations":[{"start":{"line":124,"column":8},"end":{"line":124,"column":47}},{"start":{"line":124,"column":47},"end":{"line":124,"column":64}}],"line":124},"24":{"loc":{"start":{"line":130,"column":33},"end":{"line":130,"column":42}},"type":"binary-expr","locations":[{"start":{"line":130,"column":33},"end":{"line":130,"column":40}},{"start":{"line":130,"column":40},"end":{"line":130,"column":42}}],"line":130}},"s":{"0":3,"1":3,"2":236,"3":47,"4":189,"5":47,"6":47,"7":47,"8":0,"9":47,"10":1,"11":8,"12":1,"13":7,"14":6,"15":6,"16":2,"17":2,"18":2,"19":2,"20":2,"21":1,"22":1,"23":2,"24":4,"25":1,"26":1,"27":1,"28":1,"29":1,"30":3,"31":1,"32":1,"33":1,"34":1,"35":1,"36":1,"37":1,"38":2,"39":1,"40":1,"41":1,"42":1,"43":1,"44":1,"45":1,"46":1,"47":1,"48":1,"49":1,"50":1},"f":{"0":236,"1":8},"b":{"0":[47,189],"1":[236,47],"2":[189,47,47,0,47,1],"3":[1,7],"4":[6,1],"5":[7,6],"6":[2,4],"7":[1,1],"8":[2,2],"9":[1,0],"10":[1,3],"11":[4,1],"12":[1,0],"13":[1,0],"14":[1,2],"15":[3,1],"16":[1,0],"17":[1,0,0],"18":[1,1],"19":[2,1],"20":[1,0,0],"21":[1,0],"22":[1,0],"23":[1,1],"24":[1,0]},"meta":{"lastBranch":25,"lastFunction":2,"lastStatement":51,"seen":{"s:4:30:10:Infinity":0,"s:13:28:35:Infinity":1,"f:37:16:37:32":0,"b:38:2:40:Infinity:undefined:undefined:undefined:undefined":0,"s:38:2:40:Infinity":2,"b:38:6:38:28:38:28:38:46":1,"s:39:4:39:Infinity":3,"b:43:4:44:Infinity:45:4:46:Infinity:47:4:48:Infinity:49:4:50:Infinity:51:4:52:Infinity:53:4:54:Infinity":2,"s:42:2:55:Infinity":4,"s:44:6:44:Infinity":5,"s:46:6:46:Infinity":6,"s:48:6:48:Infinity":7,"s:50:6:50:Infinity":8,"s:52:6:52:Infinity":9,"s:54:6:54:Infinity":10,"f:62:16:62:35":1,"b:64:2:66:Infinity:undefined:undefined:undefined:undefined":3,"s:64:2:66:Infinity":11,"s:65:4:65:Infinity":12,"b:69:2:127:Infinity:undefined:undefined:undefined:undefined":4,"s:69:2:127:Infinity":13,"b:69:6:69:36:69:36:69:53":5,"s:70:23:70:Infinity":14,"b:73:4:87:Infinity:undefined:undefined:undefined:undefined":6,"s:73:4:87:Infinity":15,"s:74:24:74:Infinity":16,"s:75:24:75:Infinity":17,"b:75:67:75:90:75:90:75:Infinity":7,"s:76:6:76:Infinity":18,"s:77:6:85:Infinity":19,"s:78:9:81:Infinity":20,"b:80:11:80:40:80:40:80:Infinity":8,"s:83:8:83:Infinity":21,"s:84:8:84:Infinity":22,"b:84:32:84:39:84:39:84:Infinity":9,"s:86:6:86:Infinity":23,"b:90:4:97:Infinity:undefined:undefined:undefined:undefined":10,"s:90:4:97:Infinity":24,"b:90:8:90:30:90:30:90:73":11,"s:91:21:91:Infinity":25,"s:92:24:92:Infinity":26,"b:92:67:92:90:92:90:92:Infinity":12,"b:93:6:95:Infinity:undefined:undefined:undefined:undefined":13,"s:93:6:95:Infinity":27,"s:94:8:94:Infinity":28,"s:96:6:96:Infinity":29,"b:100:4:108:Infinity:undefined:undefined:undefined:undefined":14,"s:100:4:108:Infinity":30,"b:100:8:100:46:100:46:100:62":15,"s:101:24:101:Infinity":31,"s:102:24:102:Infinity":32,"b:102:67:102:90:102:90:102:Infinity":16,"s:103:6:103:Infinity":33,"s:104:6:104:Infinity":34,"s:105:6:105:Infinity":35,"b:105:44:105:73:105:73:105:80:105:80:105:82":17,"s:106:6:106:Infinity":36,"s:107:6:107:Infinity":37,"b:111:4:121:Infinity:undefined:undefined:undefined:undefined":18,"s:111:4:121:Infinity":38,"b:111:8:111:48:111:48:111:66":19,"s:112:18:112:Infinity":39,"s:113:6:113:Infinity":40,"s:114:6:114:Infinity":41,"b:114:17:114:46:114:46:114:53:114:53:114:Infinity":20,"s:115:24:115:Infinity":42,"b:115:67:115:90:115:90:115:Infinity":21,"s:116:6:116:Infinity":43,"s:117:6:117:Infinity":44,"s:118:6:118:Infinity":45,"s:119:6:119:Infinity":46,"s:120:6:120:Infinity":47,"b:124:4:126:Infinity:undefined:undefined:undefined:undefined":22,"s:124:4:126:Infinity":48,"b:124:8:124:47:124:47:124:64":23,"s:125:6:125:Infinity":49,"s:130:2:130:Infinity":50,"b:130:33:130:40:130:40:130:42":24}}}
,"/Users/denisebroekman/Workspace/numflux/src/utils/validation.utils.ts": {"path":"/Users/denisebroekman/Workspace/numflux/src/utils/validation.utils.ts","statementMap":{"0":{"start":{"line":7,"column":2},"end":{"line":7,"column":null}},"1":{"start":{"line":7,"column":31},"end":{"line":7,"column":null}},"2":{"start":{"line":8,"column":18},"end":{"line":8,"column":null}},"3":{"start":{"line":9,"column":2},"end":{"line":9,"column":null}},"4":{"start":{"line":16,"column":2},"end":{"line":18,"column":null}},"5":{"start":{"line":17,"column":4},"end":{"line":17,"column":null}},"6":{"start":{"line":19,"column":2},"end":{"line":19,"column":null}},"7":{"start":{"line":26,"column":18},"end":{"line":26,"column":null}},"8":{"start":{"line":27,"column":2},"end":{"line":27,"column":null}},"9":{"start":{"line":27,"column":24},"end":{"line":27,"column":null}},"10":{"start":{"line":29,"column":2},"end":{"line":29,"column":null}},"11":{"start":{"line":29,"column":79},"end":{"line":29,"column":null}},"12":{"start":{"line":30,"column":2},"end":{"line":30,"column":null}},"13":{"start":{"line":30,"column":79},"end":{"line":30,"column":null}},"14":{"start":{"line":32,"column":2},"end":{"line":32,"column":null}},"15":{"start":{"line":39,"column":2},"end":{"line":41,"column":null}},"16":{"start":{"line":40,"column":4},"end":{"line":40,"column":null}},"17":{"start":{"line":43,"column":23},"end":{"line":43,"column":null}},"18":{"start":{"line":44,"column":2},"end":{"line":44,"column":null}},"19":{"start":{"line":44,"column":27},"end":{"line":44,"column":null}},"20":{"start":{"line":46,"column":25},"end":{"line":46,"column":null}},"21":{"start":{"line":47,"column":2},"end":{"line":47,"column":null}},"22":{"start":{"line":54,"column":2},"end":{"line":54,"column":null}},"23":{"start":{"line":54,"column":14},"end":{"line":54,"column":null}},"24":{"start":{"line":55,"column":2},"end":{"line":60,"column":null}},"25":{"start":{"line":56,"column":31},"end":{"line":56,"column":null}},"26":{"start":{"line":57,"column":23},"end":{"line":57,"column":null}},"27":{"start":{"line":58,"column":23},"end":{"line":58,"column":null}},"28":{"start":{"line":59,"column":4},"end":{"line":59,"column":null}},"29":{"start":{"line":61,"column":2},"end":{"line":61,"column":null}},"30":{"start":{"line":68,"column":36},"end":{"line":68,"column":null}},"31":{"start":{"line":69,"column":19},"end":{"line":69,"column":null}},"32":{"start":{"line":70,"column":19},"end":{"line":70,"column":null}},"33":{"start":{"line":71,"column":19},"end":{"line":71,"column":null}},"34":{"start":{"line":73,"column":23},"end":{"line":73,"column":null}},"35":{"start":{"line":75,"column":2},"end":{"line":94,"column":null}},"36":{"start":{"line":76,"column":4},"end":{"line":79,"column":null}},"37":{"start":{"line":77,"column":6},"end":{"line":77,"column":null}},"38":{"start":{"line":78,"column":6},"end":{"line":78,"column":null}},"39":{"start":{"line":81,"column":4},"end":{"line":85,"column":null}},"40":{"start":{"line":82,"column":6},"end":{"line":82,"column":null}},"41":{"start":{"line":83,"column":6},"end":{"line":83,"column":null}},"42":{"start":{"line":84,"column":6},"end":{"line":84,"column":null}},"43":{"start":{"line":87,"column":4},"end":{"line":93,"column":null}},"44":{"start":{"line":88,"column":6},"end":{"line":90,"column":null}},"45":{"start":{"line":89,"column":8},"end":{"line":89,"column":null}},"46":{"start":{"line":91,"column":6},"end":{"line":91,"column":null}},"47":{"start":{"line":92,"column":6},"end":{"line":92,"column":null}},"48":{"start":{"line":96,"column":24},"end":{"line":96,"column":null}},"49":{"start":{"line":97,"column":17},"end":{"line":97,"column":null}},"50":{"start":{"line":99,"column":2},"end":{"line":99,"column":null}}},"fnMap":{"0":{"name":"toNumber","decl":{"start":{"line":6,"column":16},"end":{"line":6,"column":25}},"loc":{"start":{"line":6,"column":55},"end":{"line":10,"column":null}},"line":6},"1":{"name":"getDecimalPlaces","decl":{"start":{"line":15,"column":16},"end":{"line":15,"column":33}},"loc":{"start":{"line":15,"column":70},"end":{"line":20,"column":null}},"line":15},"2":{"name":"isValidValue","decl":{"start":{"line":25,"column":16},"end":{"line":25,"column":29}},"loc":{"start":{"line":25,"column":75},"end":{"line":33,"column":null}},"line":25},"3":{"name":"isWithinDecimalLimit","decl":{"start":{"line":38,"column":16},"end":{"line":38,"column":37}},"loc":{"start":{"line":38,"column":83},"end":{"line":48,"column":null}},"line":38},"4":{"name":"normalizeLeadingZeros","decl":{"start":{"line":53,"column":16},"end":{"line":53,"column":38}},"loc":{"start":{"line":53,"column":82},"end":{"line":62,"column":null}},"line":53},"5":{"name":"sanitizeValue","decl":{"start":{"line":67,"column":16},"end":{"line":67,"column":30}},"loc":{"start":{"line":67,"column":75},"end":{"line":100,"column":null}},"line":67}},"branchMap":{"0":{"loc":{"start":{"line":7,"column":2},"end":{"line":7,"column":null}},"type":"if","locations":[{"start":{"line":7,"column":2},"end":{"line":7,"column":null}},{"start":{},"end":{}}],"line":7},"1":{"loc":{"start":{"line":7,"column":6},"end":{"line":7,"column":31}},"type":"binary-expr","locations":[{"start":{"line":7,"column":6},"end":{"line":7,"column":16}},{"start":{"line":7,"column":16},"end":{"line":7,"column":31}}],"line":7},"2":{"loc":{"start":{"line":9,"column":9},"end":{"line":9,"column":null}},"type":"cond-expr","locations":[{"start":{"line":9,"column":36},"end":{"line":9,"column":46}},{"start":{"line":9,"column":46},"end":{"line":9,"column":null}}],"line":9},"3":{"loc":{"start":{"line":16,"column":2},"end":{"line":18,"column":null}},"type":"if","locations":[{"start":{"line":16,"column":2},"end":{"line":18,"column":null}},{"start":{},"end":{}}],"line":16},"4":{"loc":{"start":{"line":19,"column":9},"end":{"line":19,"column":null}},"type":"cond-expr","locations":[{"start":{"line":19,"column":31},"end":{"line":19,"column":38}},{"start":{"line":19,"column":38},"end":{"line":19,"column":null}}],"line":19},"5":{"loc":{"start":{"line":27,"column":2},"end":{"line":27,"column":null}},"type":"if","locations":[{"start":{"line":27,"column":2},"end":{"line":27,"column":null}},{"start":{},"end":{}}],"line":27},"6":{"loc":{"start":{"line":29,"column":2},"end":{"line":29,"column":null}},"type":"if","locations":[{"start":{"line":29,"column":2},"end":{"line":29,"column":null}},{"start":{},"end":{}}],"line":29},"7":{"loc":{"start":{"line":29,"column":6},"end":{"line":29,"column":79}},"type":"binary-expr","locations":[{"start":{"line":29,"column":6},"end":{"line":29,"column":29}},{"start":{"line":29,"column":29},"end":{"line":29,"column":57}},{"start":{"line":29,"column":57},"end":{"line":29,"column":79}}],"line":29},"8":{"loc":{"start":{"line":30,"column":2},"end":{"line":30,"column":null}},"type":"if","locations":[{"start":{"line":30,"column":2},"end":{"line":30,"column":null}},{"start":{},"end":{}}],"line":30},"9":{"loc":{"start":{"line":30,"column":6},"end":{"line":30,"column":79}},"type":"binary-expr","locations":[{"start":{"line":30,"column":6},"end":{"line":30,"column":29}},{"start":{"line":30,"column":29},"end":{"line":30,"column":57}},{"start":{"line":30,"column":57},"end":{"line":30,"column":79}}],"line":30},"10":{"loc":{"start":{"line":39,"column":2},"end":{"line":41,"column":null}},"type":"if","locations":[{"start":{"line":39,"column":2},"end":{"line":41,"column":null}},{"start":{},"end":{}}],"line":39},"11":{"loc":{"start":{"line":39,"column":6},"end":{"line":39,"column":71}},"type":"binary-expr","locations":[{"start":{"line":39,"column":6},"end":{"line":39,"column":30}},{"start":{"line":39,"column":30},"end":{"line":39,"column":71}}],"line":39},"12":{"loc":{"start":{"line":44,"column":2},"end":{"line":44,"column":null}},"type":"if","locations":[{"start":{"line":44,"column":2},"end":{"line":44,"column":null}},{"start":{},"end":{}}],"line":44},"13":{"loc":{"start":{"line":54,"column":2},"end":{"line":54,"column":null}},"type":"if","locations":[{"start":{"line":54,"column":2},"end":{"line":54,"column":null}},{"start":{},"end":{}}],"line":54},"14":{"loc":{"start":{"line":55,"column":2},"end":{"line":60,"column":null}},"type":"if","locations":[{"start":{"line":55,"column":2},"end":{"line":60,"column":null}},{"start":{},"end":{}}],"line":55},"15":{"loc":{"start":{"line":57,"column":23},"end":{"line":57,"column":null}},"type":"binary-expr","locations":[{"start":{"line":57,"column":23},"end":{"line":57,"column":59}},{"start":{"line":57,"column":59},"end":{"line":57,"column":null}}],"line":57},"16":{"loc":{"start":{"line":59,"column":11},"end":{"line":59,"column":null}},"type":"cond-expr","locations":[{"start":{"line":59,"column":24},"end":{"line":59,"column":56}},{"start":{"line":59,"column":56},"end":{"line":59,"column":null}}],"line":59},"17":{"loc":{"start":{"line":61,"column":9},"end":{"line":61,"column":null}},"type":"binary-expr","locations":[{"start":{"line":61,"column":9},"end":{"line":61,"column":43}},{"start":{"line":61,"column":43},"end":{"line":61,"column":null}}],"line":61},"18":{"loc":{"start":{"line":76,"column":4},"end":{"line":79,"column":null}},"type":"if","locations":[{"start":{"line":76,"column":4},"end":{"line":79,"column":null}},{"start":{},"end":{}}],"line":76},"19":{"loc":{"start":{"line":76,"column":8},"end":{"line":76,"column":93}},"type":"binary-expr","locations":[{"start":{"line":76,"column":8},"end":{"line":76,"column":24}},{"start":{"line":76,"column":24},"end":{"line":76,"column":48}},{"start":{"line":76,"column":48},"end":{"line":76,"column":63}},{"start":{"line":76,"column":63},"end":{"line":76,"column":93}}],"line":76},"20":{"loc":{"start":{"line":81,"column":4},"end":{"line":85,"column":null}},"type":"if","locations":[{"start":{"line":81,"column":4},"end":{"line":85,"column":null}},{"start":{},"end":{}}],"line":81},"21":{"loc":{"start":{"line":81,"column":8},"end":{"line":81,"column":70}},"type":"binary-expr","locations":[{"start":{"line":81,"column":8},"end":{"line":81,"column":34}},{"start":{"line":81,"column":34},"end":{"line":81,"column":57}},{"start":{"line":81,"column":57},"end":{"line":81,"column":70}}],"line":81},"22":{"loc":{"start":{"line":87,"column":4},"end":{"line":93,"column":null}},"type":"if","locations":[{"start":{"line":87,"column":4},"end":{"line":93,"column":null}},{"start":{},"end":{}}],"line":87},"23":{"loc":{"start":{"line":88,"column":6},"end":{"line":90,"column":null}},"type":"if","locations":[{"start":{"line":88,"column":6},"end":{"line":90,"column":null}},{"start":{},"end":{}}],"line":88},"24":{"loc":{"start":{"line":88,"column":10},"end":{"line":88,"column":71}},"type":"binary-expr","locations":[{"start":{"line":88,"column":10},"end":{"line":88,"column":39}},{"start":{"line":88,"column":39},"end":{"line":88,"column":71}}],"line":88},"25":{"loc":{"start":{"line":97,"column":17},"end":{"line":97,"column":null}},"type":"cond-expr","locations":[{"start":{"line":97,"column":30},"end":{"line":97,"column":36}},{"start":{"line":97,"column":36},"end":{"line":97,"column":null}}],"line":97},"26":{"loc":{"start":{"line":99,"column":9},"end":{"line":99,"column":null}},"type":"cond-expr","locations":[{"start":{"line":99,"column":25},"end":{"line":99,"column":55}},{"start":{"line":99,"column":55},"end":{"line":99,"column":null}}],"line":99},"27":{"loc":{"start":{"line":99,"column":55},"end":{"line":99,"column":null}},"type":"cond-expr","locations":[{"start":{"line":99,"column":64},"end":{"line":99,"column":70}},{"start":{"line":99,"column":70},"end":{"line":99,"column":null}}],"line":99}},"s":{"0":190,"1":44,"2":146,"3":146,"4":3,"5":1,"6":2,"7":12,"8":12,"9":2,"10":10,"11":1,"12":9,"13":2,"14":7,"15":6,"16":2,"17":4,"18":4,"19":1,"20":3,"21":3,"22":113,"23":52,"24":61,"25":21,"26":21,"27":21,"28":21,"29":40,"30":103,"31":103,"32":103,"33":103,"34":103,"35":103,"36":282,"37":8,"38":8,"39":274,"40":17,"41":17,"42":17,"43":257,"44":207,"45":11,"46":196,"47":196,"48":103,"49":103,"50":103},"f":{"0":190,"1":3,"2":12,"3":6,"4":113,"5":103},"b":{"0":[44,146],"1":[190,149],"2":[142,4],"3":[1,2],"4":[1,1],"5":[2,10],"6":[1,9],"7":[10,8,8],"8":[2,7],"9":[9,7,7],"10":[2,4],"11":[6,5],"12":[1,3],"13":[52,61],"14":[21,40],"15":[21,0],"16":[17,4],"17":[40,0],"18":[8,274],"19":[282,11,10,9],"20":[17,257],"21":[274,19,18],"22":[207,50],"23":[11,196],"24":[207,22],"25":[8,95],"26":[53,50],"27":[4,46]},"meta":{"lastBranch":28,"lastFunction":6,"lastStatement":51,"seen":{"f:6:16:6:25":0,"b:7:2:7:Infinity:undefined:undefined:undefined:undefined":0,"s:7:2:7:Infinity":0,"b:7:6:7:16:7:16:7:31":1,"s:7:31:7:Infinity":1,"s:8:18:8:Infinity":2,"s:9:2:9:Infinity":3,"b:9:36:9:46:9:46:9:Infinity":2,"f:15:16:15:33":1,"b:16:2:18:Infinity:undefined:undefined:undefined:undefined":3,"s:16:2:18:Infinity":4,"s:17:4:17:Infinity":5,"s:19:2:19:Infinity":6,"b:19:31:19:38:19:38:19:Infinity":4,"f:25:16:25:29":2,"s:26:18:26:Infinity":7,"b:27:2:27:Infinity:undefined:undefined:undefined:undefined":5,"s:27:2:27:Infinity":8,"s:27:24:27:Infinity":9,"b:29:2:29:Infinity:undefined:undefined:undefined:undefined":6,"s:29:2:29:Infinity":10,"b:29:6:29:29:29:29:29:57:29:57:29:79":7,"s:29:79:29:Infinity":11,"b:30:2:30:Infinity:undefined:undefined:undefined:undefined":8,"s:30:2:30:Infinity":12,"b:30:6:30:29:30:29:30:57:30:57:30:79":9,"s:30:79:30:Infinity":13,"s:32:2:32:Infinity":14,"f:38:16:38:37":3,"b:39:2:41:Infinity:undefined:undefined:undefined:undefined":10,"s:39:2:41:Infinity":15,"b:39:6:39:30:39:30:39:71":11,"s:40:4:40:Infinity":16,"s:43:23:43:Infinity":17,"b:44:2:44:Infinity:undefined:undefined:undefined:undefined":12,"s:44:2:44:Infinity":18,"s:44:27:44:Infinity":19,"s:46:25:46:Infinity":20,"s:47:2:47:Infinity":21,"f:53:16:53:38":4,"b:54:2:54:Infinity:undefined:undefined:undefined:undefined":13,"s:54:2:54:Infinity":22,"s:54:14:54:Infinity":23,"b:55:2:60:Infinity:undefined:undefined:undefined:undefined":14,"s:55:2:60:Infinity":24,"s:56:31:56:Infinity":25,"s:57:23:57:Infinity":26,"b:57:23:57:59:57:59:57:Infinity":15,"s:58:23:58:Infinity":27,"s:59:4:59:Infinity":28,"b:59:24:59:56:59:56:59:Infinity":16,"s:61:2:61:Infinity":29,"b:61:9:61:43:61:43:61:Infinity":17,"f:67:16:67:30":5,"s:68:36:68:Infinity":30,"s:69:19:69:Infinity":31,"s:70:19:70:Infinity":32,"s:71:19:71:Infinity":33,"s:73:23:73:Infinity":34,"s:75:2:94:Infinity":35,"b:76:4:79:Infinity:undefined:undefined:undefined:undefined":18,"s:76:4:79:Infinity":36,"b:76:8:76:24:76:24:76:48:76:48:76:63:76:63:76:93":19,"s:77:6:77:Infinity":37,"s:78:6:78:Infinity":38,"b:81:4:85:Infinity:undefined:undefined:undefined:undefined":20,"s:81:4:85:Infinity":39,"b:81:8:81:34:81:34:81:57:81:57:81:70":21,"s:82:6:82:Infinity":40,"s:83:6:83:Infinity":41,"s:84:6:84:Infinity":42,"b:87:4:93:Infinity:undefined:undefined:undefined:undefined":22,"s:87:4:93:Infinity":43,"b:88:6:90:Infinity:undefined:undefined:undefined:undefined":23,"s:88:6:90:Infinity":44,"b:88:10:88:39:88:39:88:71":24,"s:89:8:89:Infinity":45,"s:91:6:91:Infinity":46,"s:92:6:92:Infinity":47,"s:96:24:96:Infinity":48,"s:97:17:97:Infinity":49,"b:97:30:97:36:97:36:97:Infinity":25,"s:99:2:99:Infinity":50,"b:99:25:99:55:99:55:99:Infinity":26,"b:99:64:99:70:99:70:99:Infinity":27}}}
}
